
                                                       < M A T L A B (R) >
                                             Copyright 1984-2015 The MathWorks, Inc.
                                              R2015a (8.5.0.197613) 64-bit (glnxa64)
                                                        February 12, 2015

 
For online documentation, see http://www.mathworks.com/support
For product information, visit www.mathworks.com.
 

	Academic License

../media/documents/2016/07/29/
     1

There are_1_images to be processed
=======================================================
Now processing image binary_image.mat
=======================================================
    47

Finish step 3
Finish step 5
Finish step 7
Finish step 9
Finish step 12
binary_image.mat_is done.
