
                            < M A T L A B (R) >
                  Copyright 1984-2014 The MathWorks, Inc.
                    R2014a (8.3.0.532) 64-bit (glnxa64)
                             February 11, 2014

 
To get started, type one of these: helpwin, helpdesk, or demo.
For product information, visit www.mathworks.com.
 

MATLAB is now connected to localhost:3006

Run the commands below to access the COMSOL ModelUtil commands:
import com.comsol.model.util.*

FEA =

     0

line
611.465
the total number of NP is 600
the total number of clusters is 20
now generating the center of each cluster
Elapsed time is 0.085902 seconds.
now assembling No.1 cluster
now assembling No.2 cluster
now assembling No.3 cluster
now assembling No.4 cluster
now assembling No.5 cluster
now assembling No.6 cluster
now assembling No.7 cluster
now assembling No.8 cluster
now assembling No.9 cluster
now assembling No.10 cluster
now assembling No.11 cluster
now assembling No.12 cluster
now assembling No.13 cluster
now assembling No.14 cluster
now assembling No.15 cluster
now assembling No.16 cluster
now assembling No.17 cluster
now assembling No.18 cluster
now assembling No.19 cluster
now assembling No.20 cluster
Elapsed time is 0.413425 seconds.
5 NP overlap removed
finished generating NP grid coordinates, take 9.9663 secs
Now constructing the energy landscape...
Elapsed time is 1.078611 seconds.
Start the Monte Carlo Hopping...
double trap prevented
double trap prevented
double trap prevented
double trap prevented
double trap prevented
double trap prevented
double trap prevented
double trap prevented
trap_count = 43
line
611.465
the total number of NP is 600
the total number of clusters is 20
now generating the center of each cluster
Elapsed time is 0.006400 seconds.
now assembling No.1 cluster
now assembling No.2 cluster
now assembling No.3 cluster
now assembling No.4 cluster
now assembling No.5 cluster
now assembling No.6 cluster
now assembling No.7 cluster
now assembling No.8 cluster
now assembling No.9 cluster
now assembling No.10 cluster
now assembling No.11 cluster
now assembling No.12 cluster
now assembling No.13 cluster
now assembling No.14 cluster
now assembling No.15 cluster
now assembling No.16 cluster
now assembling No.17 cluster
now assembling No.18 cluster
now assembling No.19 cluster
now assembling No.20 cluster
Elapsed time is 0.120120 seconds.
4 NP overlap removed
finished generating NP grid coordinates, take 9.7842 secs
Now constructing the energy landscape...
Elapsed time is 1.062124 seconds.
Start the Monte Carlo Hopping...
trap_count = 24
line
611.465
the total number of NP is 600
the total number of clusters is 20
now generating the center of each cluster
Elapsed time is 0.006195 seconds.
now assembling No.1 cluster
now assembling No.2 cluster
now assembling No.3 cluster
now assembling No.4 cluster
now assembling No.5 cluster
now assembling No.6 cluster
now assembling No.7 cluster
now assembling No.8 cluster
now assembling No.9 cluster
now assembling No.10 cluster
now assembling No.11 cluster
now assembling No.12 cluster
now assembling No.13 cluster
now assembling No.14 cluster
now assembling No.15 cluster
now assembling No.16 cluster
now assembling No.17 cluster
now assembling No.18 cluster
now assembling No.19 cluster
now assembling No.20 cluster
Elapsed time is 0.122742 seconds.
3 NP overlap removed
finished generating NP grid coordinates, take 10.3106 secs
Now constructing the energy landscape...
Elapsed time is 1.068104 seconds.
Start the Monte Carlo Hopping...
double trap prevented
double trap prevented
trap_count = 45
line
611.465
the total number of NP is 600
the total number of clusters is 20
now generating the center of each cluster
Elapsed time is 0.006233 seconds.
now assembling No.1 cluster
now assembling No.2 cluster
now assembling No.3 cluster
now assembling No.4 cluster
now assembling No.5 cluster
now assembling No.6 cluster
now assembling No.7 cluster
now assembling No.8 cluster
now assembling No.9 cluster
now assembling No.10 cluster
now assembling No.11 cluster
now assembling No.12 cluster
now assembling No.13 cluster
now assembling No.14 cluster
now assembling No.15 cluster
now assembling No.16 cluster
now assembling No.17 cluster
now assembling No.18 cluster
now assembling No.19 cluster
now assembling No.20 cluster
Elapsed time is 0.124444 seconds.
4 NP overlap removed
finished generating NP grid coordinates, take 10.2022 secs
Now constructing the energy landscape...
Elapsed time is 1.067323 seconds.
Start the Monte Carlo Hopping...
trap_count = 35
line
611.465
the total number of NP is 600
the total number of clusters is 20
now generating the center of each cluster
Elapsed time is 0.006242 seconds.
now assembling No.1 cluster
now assembling No.2 cluster
now assembling No.3 cluster
now assembling No.4 cluster
now assembling No.5 cluster
now assembling No.6 cluster
now assembling No.7 cluster
now assembling No.8 cluster
now assembling No.9 cluster
now assembling No.10 cluster
now assembling No.11 cluster
now assembling No.12 cluster
now assembling No.13 cluster
now assembling No.14 cluster
now assembling No.15 cluster
now assembling No.16 cluster
now assembling No.17 cluster
now assembling No.18 cluster
now assembling No.19 cluster
now assembling No.20 cluster
Elapsed time is 0.123975 seconds.
6 NP overlap removed
finished generating NP grid coordinates, take 9.9745 secs
Now constructing the energy landscape...
Elapsed time is 1.067645 seconds.
Start the Monte Carlo Hopping...
double trap prevented
double trap prevented
double trap prevented
double trap prevented
trap_count = 42
line
611.465
the total number of NP is 600
the total number of clusters is 20
now generating the center of each cluster
Elapsed time is 0.005935 seconds.
now assembling No.1 cluster
now assembling No.2 cluster
now assembling No.3 cluster
now assembling No.4 cluster
now assembling No.5 cluster
now assembling No.6 cluster
now assembling No.7 cluster
now assembling No.8 cluster
now assembling No.9 cluster
now assembling No.10 cluster
now assembling No.11 cluster
now assembling No.12 cluster
now assembling No.13 cluster
now assembling No.14 cluster
now assembling No.15 cluster
now assembling No.16 cluster
now assembling No.17 cluster
now assembling No.18 cluster
now assembling No.19 cluster
now assembling No.20 cluster
Elapsed time is 0.115467 seconds.
3 NP overlap removed
finished generating NP grid coordinates, take 9.785 secs
Now constructing the energy landscape...
Elapsed time is 1.141830 seconds.
Start the Monte Carlo Hopping...
double trap prevented
double trap prevented
double trap prevented
double trap prevented
trap_count = 59
line
611.465
the total number of NP is 600
the total number of clusters is 20
now generating the center of each cluster
Elapsed time is 0.005893 seconds.
now assembling No.1 cluster
now assembling No.2 cluster
now assembling No.3 cluster
now assembling No.4 cluster
now assembling No.5 cluster
now assembling No.6 cluster
now assembling No.7 cluster
now assembling No.8 cluster
now assembling No.9 cluster
now assembling No.10 cluster
now assembling No.11 cluster
now assembling No.12 cluster
now assembling No.13 cluster
now assembling No.14 cluster
now assembling No.15 cluster
now assembling No.16 cluster
now assembling No.17 cluster
now assembling No.18 cluster
now assembling No.19 cluster
now assembling No.20 cluster
Elapsed time is 0.114586 seconds.
23 NP overlap removed
finished generating NP grid coordinates, take 9.3535 secs
Now constructing the energy landscape...
Elapsed time is 1.061690 seconds.
Start the Monte Carlo Hopping...
double trap prevented
double trap prevented
double trap prevented
Elapsed time is 242.026536 seconds.
the average traveling distance now is 468
the minimum traveling time now is 644

trap_count = 52
line
611.465
the total number of NP is 600
the total number of clusters is 20
now generating the center of each cluster
Elapsed time is 0.006173 seconds.
now assembling No.1 cluster
now assembling No.2 cluster
now assembling No.3 cluster
now assembling No.4 cluster
now assembling No.5 cluster
now assembling No.6 cluster
now assembling No.7 cluster
now assembling No.8 cluster
now assembling No.9 cluster
now assembling No.10 cluster
now assembling No.11 cluster
now assembling No.12 cluster
now assembling No.13 cluster
now assembling No.14 cluster
now assembling No.15 cluster
now assembling No.16 cluster
now assembling No.17 cluster
now assembling No.18 cluster
now assembling No.19 cluster
now assembling No.20 cluster
Elapsed time is 0.120947 seconds.
13 NP overlap removed
finished generating NP grid coordinates, take 9.6577 secs
Now constructing the energy landscape...
Elapsed time is 1.063338 seconds.
Start the Monte Carlo Hopping...
double trap prevented
Elapsed time is 218.783751 seconds.
the average traveling distance now is 457
the minimum traveling time now is 142

trap_count = 41
line
611.465
the total number of NP is 600
the total number of clusters is 20
now generating the center of each cluster
Elapsed time is 0.005914 seconds.
now assembling No.1 cluster
now assembling No.2 cluster
now assembling No.3 cluster
now assembling No.4 cluster
now assembling No.5 cluster
now assembling No.6 cluster
now assembling No.7 cluster
now assembling No.8 cluster
now assembling No.9 cluster
now assembling No.10 cluster
now assembling No.11 cluster
now assembling No.12 cluster
now assembling No.13 cluster
now assembling No.14 cluster
now assembling No.15 cluster
now assembling No.16 cluster
now assembling No.17 cluster
now assembling No.18 cluster
now assembling No.19 cluster
now assembling No.20 cluster
Elapsed time is 0.116167 seconds.
6 NP overlap removed
finished generating NP grid coordinates, take 9.9747 secs
Now constructing the energy landscape...
Elapsed time is 1.073516 seconds.
Start the Monte Carlo Hopping...
double trap prevented
double trap prevented
double trap prevented
trap_count = 44
line
611.465
the total number of NP is 600
the total number of clusters is 20
now generating the center of each cluster
Elapsed time is 0.005956 seconds.
now assembling No.1 cluster
now assembling No.2 cluster
now assembling No.3 cluster
now assembling No.4 cluster
now assembling No.5 cluster
now assembling No.6 cluster
now assembling No.7 cluster
now assembling No.8 cluster
now assembling No.9 cluster
now assembling No.10 cluster
now assembling No.11 cluster
now assembling No.12 cluster
now assembling No.13 cluster
now assembling No.14 cluster
now assembling No.15 cluster
now assembling No.16 cluster
now assembling No.17 cluster
now assembling No.18 cluster
now assembling No.19 cluster
now assembling No.20 cluster
Elapsed time is 0.117127 seconds.
2 NP overlap removed
finished generating NP grid coordinates, take 9.8671 secs
Now constructing the energy landscape...
Elapsed time is 1.067764 seconds.
Start the Monte Carlo Hopping...
trap_count = 26
