
                            < M A T L A B (R) >
                  Copyright 1984-2014 The MathWorks, Inc.
                    R2014a (8.3.0.532) 64-bit (glnxa64)
                             February 11, 2014

 
To get started, type one of these: helpwin, helpdesk, or demo.
For product information, visit www.mathworks.com.
 

MATLAB is now connected to localhost:3008

Run the commands below to access the COMSOL ModelUtil commands:
import com.comsol.model.util.*

FEA =

     0

line
611.465
the total number of NP is 600
the total number of clusters is 20
now generating the center of each cluster
Elapsed time is 0.182768 seconds.
now assembling No.1 cluster
now assembling No.2 cluster
now assembling No.3 cluster
now assembling No.4 cluster
now assembling No.5 cluster
now assembling No.6 cluster
now assembling No.7 cluster
now assembling No.8 cluster
now assembling No.9 cluster
now assembling No.10 cluster
now assembling No.11 cluster
now assembling No.12 cluster
now assembling No.13 cluster
now assembling No.14 cluster
now assembling No.15 cluster
now assembling No.16 cluster
now assembling No.17 cluster
now assembling No.18 cluster
now assembling No.19 cluster
now assembling No.20 cluster
Elapsed time is 0.637110 seconds.
5 NP overlap removed
finished generating NP grid coordinates, take 10.1087 secs
Now constructing the energy landscape...
Elapsed time is 1.980955 seconds.
Start the Monte Carlo Hopping...
double trap prevented
double trap prevented
double trap prevented
double trap prevented
double trap prevented
double trap prevented
double trap prevented
double trap prevented
trap_count = 43
line
611.465
the total number of NP is 600
the total number of clusters is 20
now generating the center of each cluster
Elapsed time is 0.006698 seconds.
now assembling No.1 cluster
now assembling No.2 cluster
now assembling No.3 cluster
now assembling No.4 cluster
now assembling No.5 cluster
now assembling No.6 cluster
now assembling No.7 cluster
now assembling No.8 cluster
now assembling No.9 cluster
now assembling No.10 cluster
now assembling No.11 cluster
now assembling No.12 cluster
now assembling No.13 cluster
now assembling No.14 cluster
now assembling No.15 cluster
now assembling No.16 cluster
now assembling No.17 cluster
now assembling No.18 cluster
now assembling No.19 cluster
now assembling No.20 cluster
Elapsed time is 0.125961 seconds.
4 NP overlap removed
finished generating NP grid coordinates, take 10.2375 secs
Now constructing the energy landscape...
Elapsed time is 1.068734 seconds.
Start the Monte Carlo Hopping...
