
                            < M A T L A B (R) >
                  Copyright 1984-2014 The MathWorks, Inc.
                    R2014a (8.3.0.532) 64-bit (glnxa64)
                             February 11, 2014

 
To get started, type one of these: helpwin, helpdesk, or demo.
For product information, visit www.mathworks.com.
 

MATLAB is now connected to localhost:3004

Run the commands below to access the COMSOL ModelUtil commands:
import com.comsol.model.util.*

FEA =

     0

line
611.465
the total number of NP is 600
the total number of clusters is 20
now generating the center of each cluster
Elapsed time is 0.155778 seconds.
now assembling No.1 cluster
now assembling No.2 cluster
now assembling No.3 cluster
now assembling No.4 cluster
now assembling No.5 cluster
now assembling No.6 cluster
now assembling No.7 cluster
now assembling No.8 cluster
now assembling No.9 cluster
now assembling No.10 cluster
now assembling No.11 cluster
now assembling No.12 cluster
now assembling No.13 cluster
now assembling No.14 cluster
now assembling No.15 cluster
now assembling No.16 cluster
now assembling No.17 cluster
now assembling No.18 cluster
now assembling No.19 cluster
now assembling No.20 cluster
Elapsed time is 0.844012 seconds.
5 NP overlap removed
finished generating NP grid coordinates, take 12.9046 secs
Now constructing the energy landscape...
Elapsed time is 1.266090 seconds.
Start the Monte Carlo Hopping...
double trap prevented
double trap prevented
double trap prevented
double trap prevented
double trap prevented
double trap prevented
double trap prevented
double trap prevented
trap_count = 43
line
611.465
the total number of NP is 600
the total number of clusters is 20
now generating the center of each cluster
Elapsed time is 0.006470 seconds.
now assembling No.1 cluster
now assembling No.2 cluster
now assembling No.3 cluster
now assembling No.4 cluster
now assembling No.5 cluster
now assembling No.6 cluster
now assembling No.7 cluster
now assembling No.8 cluster
now assembling No.9 cluster
now assembling No.10 cluster
now assembling No.11 cluster
now assembling No.12 cluster
now assembling No.13 cluster
now assembling No.14 cluster
now assembling No.15 cluster
now assembling No.16 cluster
now assembling No.17 cluster
now assembling No.18 cluster
now assembling No.19 cluster
now assembling No.20 cluster
Elapsed time is 0.163870 seconds.
4 NP overlap removed
finished generating NP grid coordinates, take 11.5182 secs
Now constructing the energy landscape...
Elapsed time is 1.200871 seconds.
Start the Monte Carlo Hopping...
trap_count = 24
line
611.465
the total number of NP is 600
the total number of clusters is 20
now generating the center of each cluster
Elapsed time is 0.006112 seconds.
now assembling No.1 cluster
now assembling No.2 cluster
now assembling No.3 cluster
now assembling No.4 cluster
now assembling No.5 cluster
now assembling No.6 cluster
now assembling No.7 cluster
now assembling No.8 cluster
now assembling No.9 cluster
now assembling No.10 cluster
now assembling No.11 cluster
now assembling No.12 cluster
now assembling No.13 cluster
now assembling No.14 cluster
now assembling No.15 cluster
now assembling No.16 cluster
now assembling No.17 cluster
now assembling No.18 cluster
now assembling No.19 cluster
now assembling No.20 cluster
Elapsed time is 0.130285 seconds.
3 NP overlap removed
finished generating NP grid coordinates, take 11.1334 secs
Now constructing the energy landscape...
Elapsed time is 1.078854 seconds.
Start the Monte Carlo Hopping...
double trap prevented
double trap prevented
trap_count = 45
line
611.465
the total number of NP is 600
the total number of clusters is 20
now generating the center of each cluster
Elapsed time is 0.006183 seconds.
now assembling No.1 cluster
now assembling No.2 cluster
now assembling No.3 cluster
now assembling No.4 cluster
now assembling No.5 cluster
now assembling No.6 cluster
now assembling No.7 cluster
now assembling No.8 cluster
now assembling No.9 cluster
now assembling No.10 cluster
now assembling No.11 cluster
now assembling No.12 cluster
now assembling No.13 cluster
now assembling No.14 cluster
now assembling No.15 cluster
now assembling No.16 cluster
now assembling No.17 cluster
now assembling No.18 cluster
now assembling No.19 cluster
now assembling No.20 cluster
Elapsed time is 0.125237 seconds.
4 NP overlap removed
finished generating NP grid coordinates, take 11.0518 secs
Now constructing the energy landscape...
Elapsed time is 1.080328 seconds.
Start the Monte Carlo Hopping...
trap_count = 35
line
611.465
the total number of NP is 600
the total number of clusters is 20
now generating the center of each cluster
Elapsed time is 0.006182 seconds.
now assembling No.1 cluster
now assembling No.2 cluster
now assembling No.3 cluster
now assembling No.4 cluster
now assembling No.5 cluster
now assembling No.6 cluster
now assembling No.7 cluster
now assembling No.8 cluster
now assembling No.9 cluster
now assembling No.10 cluster
now assembling No.11 cluster
now assembling No.12 cluster
now assembling No.13 cluster
now assembling No.14 cluster
now assembling No.15 cluster
now assembling No.16 cluster
now assembling No.17 cluster
now assembling No.18 cluster
now assembling No.19 cluster
now assembling No.20 cluster
Elapsed time is 0.140106 seconds.
6 NP overlap removed
finished generating NP grid coordinates, take 11.2444 secs
Now constructing the energy landscape...
Elapsed time is 1.076513 seconds.
Start the Monte Carlo Hopping...
double trap prevented
double trap prevented
double trap prevented
double trap prevented
trap_count = 42
line
611.465
the total number of NP is 600
the total number of clusters is 20
now generating the center of each cluster
Elapsed time is 0.009878 seconds.
now assembling No.1 cluster
now assembling No.2 cluster
now assembling No.3 cluster
now assembling No.4 cluster
now assembling No.5 cluster
now assembling No.6 cluster
now assembling No.7 cluster
now assembling No.8 cluster
now assembling No.9 cluster
now assembling No.10 cluster
now assembling No.11 cluster
now assembling No.12 cluster
now assembling No.13 cluster
now assembling No.14 cluster
now assembling No.15 cluster
now assembling No.16 cluster
now assembling No.17 cluster
now assembling No.18 cluster
now assembling No.19 cluster
now assembling No.20 cluster
Elapsed time is 0.167726 seconds.
3 NP overlap removed
finished generating NP grid coordinates, take 12.0254 secs
Now constructing the energy landscape...
Elapsed time is 1.093096 seconds.
Start the Monte Carlo Hopping...
double trap prevented
double trap prevented
double trap prevented
double trap prevented
trap_count = 59
line
611.465
the total number of NP is 600
the total number of clusters is 20
now generating the center of each cluster
Elapsed time is 0.035500 seconds.
now assembling No.1 cluster
now assembling No.2 cluster
now assembling No.3 cluster
now assembling No.4 cluster
now assembling No.5 cluster
now assembling No.6 cluster
now assembling No.7 cluster
now assembling No.8 cluster
now assembling No.9 cluster
now assembling No.10 cluster
now assembling No.11 cluster
now assembling No.12 cluster
now assembling No.13 cluster
now assembling No.14 cluster
now assembling No.15 cluster
now assembling No.16 cluster
now assembling No.17 cluster
now assembling No.18 cluster
now assembling No.19 cluster
now assembling No.20 cluster
Elapsed time is 0.163791 seconds.
23 NP overlap removed
finished generating NP grid coordinates, take 14.3248 secs
Now constructing the energy landscape...
Elapsed time is 1.561401 seconds.
Start the Monte Carlo Hopping...
double trap prevented
double trap prevented
double trap prevented
Elapsed time is 329.287358 seconds.
the average traveling distance now is 468
the minimum traveling time now is 644

trap_count = 52
line
611.465
the total number of NP is 600
the total number of clusters is 20
now generating the center of each cluster
Elapsed time is 0.006305 seconds.
now assembling No.1 cluster
now assembling No.2 cluster
now assembling No.3 cluster
now assembling No.4 cluster
now assembling No.5 cluster
now assembling No.6 cluster
now assembling No.7 cluster
now assembling No.8 cluster
now assembling No.9 cluster
now assembling No.10 cluster
now assembling No.11 cluster
now assembling No.12 cluster
now assembling No.13 cluster
now assembling No.14 cluster
now assembling No.15 cluster
now assembling No.16 cluster
now assembling No.17 cluster
now assembling No.18 cluster
now assembling No.19 cluster
now assembling No.20 cluster
Elapsed time is 0.121730 seconds.
13 NP overlap removed
finished generating NP grid coordinates, take 10.7029 secs
Now constructing the energy landscape...
Elapsed time is 1.100789 seconds.
Start the Monte Carlo Hopping...
double trap prevented
Elapsed time is 286.329310 seconds.
the average traveling distance now is 457
the minimum traveling time now is 142

trap_count = 41
line
611.465
the total number of NP is 600
the total number of clusters is 20
now generating the center of each cluster
Elapsed time is 0.009771 seconds.
now assembling No.1 cluster
now assembling No.2 cluster
now assembling No.3 cluster
now assembling No.4 cluster
now assembling No.5 cluster
now assembling No.6 cluster
now assembling No.7 cluster
now assembling No.8 cluster
now assembling No.9 cluster
now assembling No.10 cluster
now assembling No.11 cluster
now assembling No.12 cluster
now assembling No.13 cluster
now assembling No.14 cluster
now assembling No.15 cluster
now assembling No.16 cluster
now assembling No.17 cluster
now assembling No.18 cluster
now assembling No.19 cluster
now assembling No.20 cluster
Elapsed time is 0.141372 seconds.
6 NP overlap removed
finished generating NP grid coordinates, take 11.4541 secs
Now constructing the energy landscape...
Elapsed time is 1.454765 seconds.
Start the Monte Carlo Hopping...
double trap prevented
double trap prevented
double trap prevented
trap_count = 44
line
611.465
the total number of NP is 600
the total number of clusters is 20
now generating the center of each cluster
Elapsed time is 0.006466 seconds.
now assembling No.1 cluster
now assembling No.2 cluster
now assembling No.3 cluster
now assembling No.4 cluster
now assembling No.5 cluster
now assembling No.6 cluster
now assembling No.7 cluster
now assembling No.8 cluster
now assembling No.9 cluster
now assembling No.10 cluster
now assembling No.11 cluster
now assembling No.12 cluster
now assembling No.13 cluster
now assembling No.14 cluster
now assembling No.15 cluster
now assembling No.16 cluster
now assembling No.17 cluster
now assembling No.18 cluster
now assembling No.19 cluster
now assembling No.20 cluster
Elapsed time is 0.126312 seconds.
2 NP overlap removed
finished generating NP grid coordinates, take 10.9336 secs
Now constructing the energy landscape...
Elapsed time is 1.088780 seconds.
Start the Monte Carlo Hopping...
trap_count = 26
