#
# A fatal error has been detected by the Java Runtime Environment:
#
#  SIGSEGV (0xb) at pc=0x0000003f6e476946, pid=17537, tid=139894831474432
#
# JRE version: 6.0_20-b02
# Java VM: Java HotSpot(TM) 64-Bit Server VM (16.3-b01 mixed mode linux-amd64 )
# Problematic frame:
# C  [libgdk-x11-2.0.so.0+0x76946]  gdk_window_enable_synchronized_configure+0x16
#
# If you would like to submit a bug report, please visit:
#   http://java.sun.com/webapps/bugreport/crash.jsp
# The crash happened outside the Java Virtual Machine in native code.
# See problematic frame for where to report the bug.
#

---------------  T H R E A D  ---------------

Current thread (0x0000000001134000):  JavaThread "main" [_thread_in_native, id=17537, stack(0x00007fffdf73e000,0x00007fffdf93e000)]

siginfo:si_signo=SIGSEGV: si_errno=0, si_code=1 (SEGV_MAPERR), si_addr=0x0000000000000018

Registers:
RAX=0x0000000000000000, RBX=0x00000000012c0040, RCX=0x00000039afd9cea0, RDX=0x0000000000000000
RSP=0x00007fffdf93c900, RBP=0x00000000012c0040, RSI=0x0000000000000003, RDI=0x0000000000000000
R8 =0x00000000012bb230, R9 =0x0000000000000000, R10=0x00007fffdf93c6a0, R11=0x0000003f6e476930
R12=0x0000000000000000, R13=0x000000000127e640, R14=0x00007fffdf93c960, R15=0x0000000000000000
RIP=0x0000003f6e476946, EFL=0x0000000000010206, CSGSFS=0x0000000000000033, ERR=0x0000000000000004
  TRAPNO=0x000000000000000e

Top of Stack: (sp=0x00007fffdf93c900)
0x00007fffdf93c900:   00000000012c0040 00000000012c0040
0x00007fffdf93c910:   00000000012c0130 0000003f6ea93575
0x00007fffdf93c920:   0000000000000001 000000000127e740
0x00007fffdf93c930:   000000000127e640 0000003f6ea7eeca
0x00007fffdf93c940:   ffffffffffffffff 0000000100000001
0x00007fffdf93c950:   0000000000000000 0000026000000237
0x00007fffdf93c960:   00000000012e3f20 000000000000fc02
0x00007fffdf93c970:   00000237012c0040 0000000000000154
0x00007fffdf93c980:   0000000000000000 0000000000000000
0x00007fffdf93c990:   0000000000000001 0000003f6ea92591
0x00007fffdf93c9a0:   00000000012be760 00000000012be690
0x00007fffdf93c9b0:   00000000012c8ea0 0000000000000000
0x00007fffdf93c9c0:   0000000000000001 00000039b1a2dbe5
0x00007fffdf93c9d0:   00000000012c8ea0 0000003f6ea93380
0x00007fffdf93c9e0:   00000000012c8ea0 00000000012ccb20
0x00007fffdf93c9f0:   0000000000000000 00000000012c8ea0
0x00007fffdf93ca00:   0000000000000001 00007fffdf93cb50
0x00007fffdf93ca10:   0000000000000000 00000039b1a0bb3e
0x00007fffdf93ca20:   0000000000000000 00000000012f9730
0x00007fffdf93ca30:   0000003f00008001 00000000012c61f0
0x00007fffdf93ca40:   0000000000000000 0000000000000001
0x00007fffdf93ca50:   0000003940008002 00000000012c61f0
0x00007fffdf93ca60:   0000000000000000 00000039b1a2063c
0x00007fffdf93ca70:   00007fffdf93cbe0 00000000012cf750
0x00007fffdf93ca80:   0000000000000000 0000000000000001
0x00007fffdf93ca90:   00000039af8e5180 0000000000000001
0x00007fffdf93caa0:   00000000012be148 00000039b1a2063c
0x00007fffdf93cab0:   00007fffdf93cb50 00000020012c0040
0x00007fffdf93cac0:   00000000012be148 00007fffdf93cb70
0x00007fffdf93cad0:   00007fffdf93cb50 00000000012c8ea0
0x00007fffdf93cae0:   0000000000000001 0000000000000000
0x00007fffdf93caf0:   00007fffdf93cb90 00000000012c0040 

Instructions: (pc=0x0000003f6e476946)
0x0000003f6e476936:   89 64 24 f8 49 89 fc 48 89 5c 24 e8 48 83 ec 18
0x0000003f6e476946:   48 8b 5f 18 e8 71 dc ff ff 48 89 c5 48 85 db 74 

Stack: [0x00007fffdf73e000,0x00007fffdf93e000],  sp=0x00007fffdf93c900,  free space=7fa0000000000000018k
Native frames: (J=compiled Java code, j=interpreted, Vv=VM code, C=native code)
C  [libgdk-x11-2.0.so.0+0x76946]  gdk_window_enable_synchronized_configure+0x16

Java frames: (J=compiled Java code, j=interpreted, Vv=VM code)
j  org.eclipse.equinox.launcher.JNIBridge._show_splash(Ljava/lang/String;)V+0
j  org.eclipse.equinox.launcher.JNIBridge.showSplash(Ljava/lang/String;)Z+2
j  org.eclipse.equinox.launcher.Main.handleSplash([Ljava/net/URL;)V+157
j  org.eclipse.equinox.launcher.Main.basicRun([Ljava/lang/String;)V+116
j  org.eclipse.equinox.launcher.Main.run([Ljava/lang/String;)I+4
v  ~StubRoutines::call_stub

---------------  P R O C E S S  ---------------

Java Threads: ( => current thread )
  0x00000000011d5000 JavaThread "Low Memory Detector" daemon [_thread_blocked, id=17562, stack(0x00007f3673bff000,0x00007f3674000000)]
  0x00000000011d3000 JavaThread "CompilerThread1" daemon [_thread_blocked, id=17561, stack(0x00007f36ac097000,0x00007f36ac198000)]
  0x00000000011d0000 JavaThread "CompilerThread0" daemon [_thread_blocked, id=17560, stack(0x00007f36ac198000,0x00007f36ac299000)]
  0x00000000011ce000 JavaThread "Signal Dispatcher" daemon [_thread_blocked, id=17559, stack(0x00007f36ac299000,0x00007f36ac69a000)]
  0x00000000011b1800 JavaThread "Finalizer" daemon [_thread_blocked, id=17558, stack(0x00007f36ac69a000,0x00007f36aca9b000)]
  0x00000000011af800 JavaThread "Reference Handler" daemon [_thread_blocked, id=17557, stack(0x00007f36aca9b000,0x00007f36ace9c000)]
=>0x0000000001134000 JavaThread "main" [_thread_in_native, id=17537, stack(0x00007fffdf73e000,0x00007fffdf93e000)]

Other Threads:
  0x00000000011ab000 VMThread [stack: 0x00007f36ace9c000,0x00007f36acf9d000] [id=17556]
  0x00000000011d8000 WatcherThread [stack: 0x00007f3673afe000,0x00007f3673bff000] [id=17563]

VM state:not at safepoint (normal execution)

VM Mutex/Monitor currently owned by a thread: None

Heap
 PSYoungGen      total 11968K, used 2325K [0x00007f3a18fc0000, 0x00007f3a19d10000, 0x00007f3bc3a60000)
  eden space 10304K, 22% used [0x00007f3a18fc0000,0x00007f3a19205430,0x00007f3a199d0000)
  from space 1664K, 0% used [0x00007f3a19b70000,0x00007f3a19b70000,0x00007f3a19d10000)
  to   space 1664K, 0% used [0x00007f3a199d0000,0x00007f3a199d0000,0x00007f3a19b70000)
 PSOldGen        total 27328K, used 0K [0x00007f36c3a60000, 0x00007f36c5510000, 0x00007f3a18fc0000)
  object space 27328K, 0% used [0x00007f36c3a60000,0x00007f36c3a60000,0x00007f36c5510000)
 PSPermGen       total 21248K, used 4697K [0x00007f36b3a60000, 0x00007f36b4f20000, 0x00007f36c3a60000)
  object space 21248K, 22% used [0x00007f36b3a60000,0x00007f36b3ef6520,0x00007f36b4f20000)

Dynamic libraries:
00400000-00405000 r-xp 00000000 fd:00 2518885                            /usr/local/comsol43b/bin/glnxa64/comsollauncher
00504000-00505000 rw-p 00004000 fd:00 2518885                            /usr/local/comsol43b/bin/glnxa64/comsollauncher
01128000-01309000 rw-p 00000000 00:00 0                                  [heap]
39af200000-39af220000 r-xp 00000000 fd:00 2104350                        /lib64/ld-2.12.so
39af41f000-39af420000 r--p 0001f000 fd:00 2104350                        /lib64/ld-2.12.so
39af420000-39af421000 rw-p 00020000 fd:00 2104350                        /lib64/ld-2.12.so
39af421000-39af422000 rw-p 00000000 00:00 0 
39af600000-39af6e4000 r-xp 00000000 fd:00 2104354                        /lib64/libglib-2.0.so.0.2200.5
39af6e4000-39af8e4000 ---p 000e4000 fd:00 2104354                        /lib64/libglib-2.0.so.0.2200.5
39af8e4000-39af8e5000 rw-p 000e4000 fd:00 2104354                        /lib64/libglib-2.0.so.0.2200.5
39af8e5000-39af8e6000 rw-p 00000000 00:00 0 
39afa00000-39afb97000 r-xp 00000000 fd:00 2104351                        /lib64/libc-2.12.so
39afb97000-39afd97000 ---p 00197000 fd:00 2104351                        /lib64/libc-2.12.so
39afd97000-39afd9b000 r--p 00197000 fd:00 2104351                        /lib64/libc-2.12.so
39afd9b000-39afd9c000 rw-p 0019b000 fd:00 2104351                        /lib64/libc-2.12.so
39afd9c000-39afda1000 rw-p 00000000 00:00 0 
39afe00000-39afe83000 r-xp 00000000 fd:00 2104363                        /lib64/libm-2.12.so
39afe83000-39b0082000 ---p 00083000 fd:00 2104363                        /lib64/libm-2.12.so
39b0082000-39b0083000 r--p 00082000 fd:00 2104363                        /lib64/libm-2.12.so
39b0083000-39b0084000 rw-p 00083000 fd:00 2104363                        /lib64/libm-2.12.so
39b0200000-39b0217000 r-xp 00000000 fd:00 2104352                        /lib64/libpthread-2.12.so
39b0217000-39b0416000 ---p 00017000 fd:00 2104352                        /lib64/libpthread-2.12.so
39b0416000-39b0417000 r--p 00016000 fd:00 2104352                        /lib64/libpthread-2.12.so
39b0417000-39b0418000 rw-p 00017000 fd:00 2104352                        /lib64/libpthread-2.12.so
39b0418000-39b041c000 rw-p 00000000 00:00 0 
39b0600000-39b0602000 r-xp 00000000 fd:00 2104357                        /lib64/libdl-2.12.so
39b0602000-39b0802000 ---p 00002000 fd:00 2104357                        /lib64/libdl-2.12.so
39b0802000-39b0803000 r--p 00002000 fd:00 2104357                        /lib64/libdl-2.12.so
39b0803000-39b0804000 rw-p 00003000 fd:00 2104357                        /lib64/libdl-2.12.so
39b0e00000-39b0e07000 r-xp 00000000 fd:00 2104353                        /lib64/librt-2.12.so
39b0e07000-39b1006000 ---p 00007000 fd:00 2104353                        /lib64/librt-2.12.so
39b1006000-39b1007000 r--p 00006000 fd:00 2104353                        /lib64/librt-2.12.so
39b1007000-39b1008000 rw-p 00007000 fd:00 2104353                        /lib64/librt-2.12.so
39b1200000-39b121d000 r-xp 00000000 fd:00 2104360                        /lib64/libselinux.so.1
39b121d000-39b141c000 ---p 0001d000 fd:00 2104360                        /lib64/libselinux.so.1
39b141c000-39b141d000 r--p 0001c000 fd:00 2104360                        /lib64/libselinux.so.1
39b141d000-39b141e000 rw-p 0001d000 fd:00 2104360                        /lib64/libselinux.so.1
39b141e000-39b141f000 rw-p 00000000 00:00 0 
39b1600000-39b1616000 r-xp 00000000 fd:00 2104359                        /lib64/libresolv-2.12.so
39b1616000-39b1816000 ---p 00016000 fd:00 2104359                        /lib64/libresolv-2.12.so
39b1816000-39b1817000 r--p 00016000 fd:00 2104359                        /lib64/libresolv-2.12.so
39b1817000-39b1818000 rw-p 00017000 fd:00 2104359                        /lib64/libresolv-2.12.so
39b1818000-39b181a000 rw-p 00000000 00:00 0 
39b1a00000-39b1a43000 r-xp 00000000 fd:00 2104356                        /lib64/libgobject-2.0.so.0.2200.5
39b1a43000-39b1c43000 ---p 00043000 fd:00 2104356                        /lib64/libgobject-2.0.so.0.2200.5
39b1c43000-39b1c45000 rw-p 00043000 fd:00 2104356                        /lib64/libgobject-2.0.so.0.2200.5
39b1e00000-39b1f39000 r-xp 00000000 fd:00 433527                         /usr/lib64/libX11.so.6.3.0
39b1f39000-39b2139000 ---p 00139000 fd:00 433527                         /usr/lib64/libX11.so.6.3.0
39b2139000-39b213f000 rw-p 00139000 fd:00 433527                         /usr/lib64/libX11.so.6.3.0
39b2200000-39b2202000 r-xp 00000000 fd:00 431175                         /usr/lib64/libXau.so.6.0.0
39b2202000-39b2402000 ---p 00002000 fd:00 431175                         /usr/lib64/libXau.so.6.0.0
39b2402000-39b2403000 rw-p 00002000 fd:00 431175                         /usr/lib64/libXau.so.6.0.0
39b2600000-39b261b000 r-xp 00000000 fd:00 433526                         /usr/lib64/libxcb.so.1.1.0
39b261b000-39b281a000 ---p 0001b000 fd:00 433526                         /usr/lib64/libxcb.so.1.1.0
39b281a000-39b281b000 rw-p 0001a000 fd:00 433526                         /usr/lib64/libxcb.so.1.1.0
39b2e00000-39b2e11000 r-xp 00000000 fd:00 433533                         /usr/lib64/libXext.so.6.4.0
39b2e11000-39b3011000 ---p 00011000 fd:00 433533                         /usr/lib64/libXext.so.6.4.0
39b3011000-39b3012000 rw-p 00011000 fd:00 433533                         /usr/lib64/libXext.so.6.4.0
39b3600000-39b3697000 r-xp 00000000 fd:00 426646                         /usr/lib64/libfreetype.so.6.3.22
39b3697000-39b3897000 ---p 00097000 fd:00 426646                         /usr/lib64/libfreetype.so.6.3.22
39b3897000-39b389d000 rw-p 00097000 fd:00 426646                         /usr/lib64/libfreetype.so.6.3.22
39b4200000-39b420f000 r-xp 00000000 fd:00 433535                         /usr/lib64/libXi.so.6.1.0
39b420f000-39b440e000 ---p 0000f000 fd:00 433535                         /usr/lib64/libXi.so.6.1.0
39b440e000-39b440f000 rw-p 0000e000 fd:00 433535                         /usr/lib64/libXi.so.6.1.0
39b4600000-39b4609000 r-xp 00000000 fd:00 433528                         /usr/lib64/libXrender.so.1.3.0
39b4609000-39b4809000 ---p 00009000 fd:00 433528                         /usr/lib64/libXrender.so.1.3.0
39b4809000-39b480a000 rw-p 00009000 fd:00 433528                         /usr/lib64/libXrender.so.1.3.0
39b4e00000-39b4e09000 r-xp 00000000 fd:00 433538                         /usr/lib64/libXcursor.so.1.0.2
39b4e09000-39b5009000 ---p 00009000 fd:00 433538                         /usr/lib64/libXcursor.so.1.0.2
39b5009000-39b500a000 rw-p 00009000 fd:00 433538                         /usr/lib64/libXcursor.so.1.0.2
39b5200000-39b5202000 r-xp 00000000 fd:00 433534                         /usr/lib64/libXinerama.so.1.0.0
39b5202000-39b5401000 ---p 00002000 fd:00 433534                         /usr/lib64/libXinerama.so.1.0.0
39b5401000-39b5402000 rw-p 00001000 fd:00 433534                         /usr/lib64/libXinerama.so.1.0.0
39b5600000-39b5605000 r-xp 00000000 fd:00 433537                         /usr/lib64/libXfixes.so.3.1.0
39b5605000-39b5804000 ---p 00005000 fd:00 433537                         /usr/lib64/libXfixes.so.3.1.0
39b5804000-39b5805000 rw-p 00004000 fd:00 433537                         /usr/lib64/libXfixes.so.3.1.0
39b5a00000-39b5a08000 r-xp 00000000 fd:00 433536                         /usr/lib64/libXrandr.so.2.2.0
39b5a08000-39b5c07000 ---p 00008000 fd:00 433536                         /usr/lib64/libXrandr.so.2.2.0
39b5c07000-39b5c08000 rw-p 00007000 fd:00 433536                         /usr/lib64/libXrandr.so.2.2.0
39b6200000-39b6203000 r-xp 00000000 fd:00 2104358                        /lib64/libgmodule-2.0.so.0.2200.5
39b6203000-39b6402000 ---p 00003000 fd:00 2104358                        /lib64/libgmodule-2.0.so.0.2200.5
39b6402000-39b6403000 rw-p 00002000 fd:00 2104358                        /lib64/libgmodule-2.0.so.0.2200.5
39b6e00000-39b6ea8000 r-xp 00000000 fd:00 2104361                        /lib64/libgio-2.0.so.0.2200.5
39b6ea8000-39b70a7000 ---p 000a8000 fd:00 2104361                        /lib64/libgio-2.0.so.0.2200.5
39b70a7000-39b70aa000 rw-p 000a7000 fd:00 2104361                        /lib64/libgio-2.0.so.0.2200.5
39b70aa000-39b70ab000 rw-p 00000000 00:00 0 
39b9e00000-39b9e02000 r-xp 00000000 fd:00 433540                         /usr/lib64/libXdamage.so.1.1.0
39b9e02000-39ba001000 ---p 00002000 fd:00 433540                         /usr/lib64/libXdamage.so.1.1.0
39ba001000-39ba002000 rw-p 00001000 fd:00 433540                         /usr/lib64/libXdamage.so.1.1.0
39ba200000-39ba25d000 r-xp 00000000 fd:00 409111                         /usr/lib64/libpixman-1.so.0.18.4
39ba25d000-39ba45d000 ---p 0005d000 fd:00 409111                         /usr/lib64/libpixman-1.so.0.18.4
39ba45d000-39ba461000 rw-p 0005d000 fd:00 409111                         /usr/lib64/libpixman-1.so.0.18.4
39bae00000-39bae48000 r-xp 00000000 fd:00 433530                         /usr/lib64/libpango-1.0.so.0.2800.1
39bae48000-39bb048000 ---p 00048000 fd:00 433530                         /usr/lib64/libpango-1.0.so.0.2800.1
39bb048000-39bb04b000 rw-p 00048000 fd:00 433530                         /usr/lib64/libpango-1.0.so.0.2800.1
39bc600000-39bc602000 r-xp 00000000 fd:00 433539                         /usr/lib64/libXcomposite.so.1.0.0
39bc602000-39bc801000 ---p 00002000 fd:00 433539                         /usr/lib64/libXcomposite.so.1.0.0
39bc801000-39bc802000 rw-p 00001000 fd:00 433539                         /usr/lib64/libXcomposite.so.1.0.0
39bca00000-39bca1e000 r-xp 00000000 fd:00 433543                         /usr/lib64/libatk-1.0.so.0.2809.1
39bca1e000-39bcc1d000 ---p 0001e000 fd:00 433543                         /usr/lib64/libatk-1.0.so.0.2809.1
39bcc1d000-39bcc20000 rw-p 0001d000 fd:00 433543                         /usr/lib64/libatk-1.0.so.0.2809.1
39c0400000-39c0416000 r-xp 00000000 fd:00 2104392                        /lib64/libnsl-2.12.so
39c0416000-39c0615000 ---p 00016000 fd:00 2104392                        /lib64/libnsl-2.12.so
39c0615000-39c0616000 r--p 00015000 fd:00 2104392                        /lib64/libnsl-2.12.so
39c0616000-39c0617000 rw-p 00016000 fd:00 2104392                        /lib64/libnsl-2.12.so
39c0617000-39c0619000 rw-p 00000000 00:00 0 
3f6b000000-3f6b015000 r-xp 00000000 fd:00 2097638                        /lib64/libz.so.1.2.3
3f6b015000-3f6b214000 ---p 00015000 fd:00 2097638                        /lib64/libz.so.1.2.3
3f6b214000-3f6b215000 r--p 00014000 fd:00 2097638                        /lib64/libz.so.1.2.3
3f6b215000-3f6b216000 rw-p 00015000 fd:00 2097638                        /lib64/libz.so.1.2.3
3f6b400000-3f6b426000 r-xp 00000000 fd:00 2097639                        /lib64/libexpat.so.1.5.2
3f6b426000-3f6b625000 ---p 00026000 fd:00 2097639                        /lib64/libexpat.so.1.5.2
3f6b625000-3f6b628000 rw-p 00025000 fd:00 2097639                        /lib64/libexpat.so.1.5.2
3f6b800000-3f6b834000 r-xp 00000000 fd:00 398681                         /usr/lib64/libfontconfig.so.1.4.4
3f6b834000-3f6ba34000 ---p 00034000 fd:00 398681                         /usr/lib64/libfontconfig.so.1.4.4
3f6ba34000-3f6ba36000 rw-p 00034000 fd:00 398681                         /usr/lib64/libfontconfig.so.1.4.4
3f6bc00000-3f6bc26000 r-xp 00000000 fd:00 393220                         /usr/lib64/libpng12.so.0.46.0
3f6bc26000-3f6be25000 ---p 00026000 fd:00 393220                         /usr/lib64/libpng12.so.0.46.0
3f6be25000-3f6be26000 rw-p 00025000 fd:00 393220                         /usr/lib64/libpng12.so.0.46.0
3f6d400000-3f6d41e000 r-xp 00000000 fd:00 430022                         /usr/lib64/libgdk_pixbuf-2.0.so.0.1800.9
3f6d41e000-3f6d61e000 ---p 0001e000 fd:00 430022                         /usr/lib64/libgdk_pixbuf-2.0.so.0.1800.9
3f6d61e000-3f6d61f000 rw-p 0001e000 fd:00 430022                         /usr/lib64/libgdk_pixbuf-2.0.so.0.1800.9
3f6d800000-3f6d80b000 r-xp 00000000 fd:00 429957                         /usr/lib64/libpangocairo-1.0.so.0.2800.1
3f6d80b000-3f6da0b000 ---p 0000b000 fd:00 429957                         /usr/lib64/libpangocairo-1.0.so.0.2800.1
3f6da0b000-3f6da0c000 rw-p 0000b000 fd:00 429957                         /usr/lib64/libpangocairo-1.0.so.0.2800.1
3f6dc00000-3f6dc76000 r-xp 00000000 fd:00 397956                         /usr/lib64/libcairo.so.2.10800.8
3f6dc76000-3f6de76000 ---p 00076000 fd:00 397956                         /usr/lib64/libcairo.so.2.10800.8
3f6de76000-3f6de79000 rw-p 00076000 fd:00 397956                         /usr/lib64/libcairo.so.2.10800.8
3f6e000000-3f6e029000 r-xp 00000000 fd:00 429954                         /usr/lib64/libpangoft2-1.0.so.0.2800.1
3f6e029000-3f6e228000 ---p 00029000 fd:00 429954                         /usr/lib64/libpangoft2-1.0.so.0.2800.1
3f6e228000-3f6e22a000 rw-p 00028000 fd:00 429954                         /usr/lib64/libpangoft2-1.0.so.0.2800.1
3f6e400000-3f6e4b6000 r-xp 00000000 fd:00 433570                         /usr/lib64/libgdk-x11-2.0.so.0.1800.9
3f6e4b6000-3f6e6b6000 ---p 000b6000 fd:00 433570                         /usr/lib64/libgdk-x11-2.0.so.0.1800.9
3f6e6b6000-3f6e6bb000 rw-p 000b6000 fd:00 433570                         /usr/lib64/libgdk-x11-2.0.so.0.1800.9
3f6e800000-3f6ec5d000 r-xp 00000000 fd:00 433726                         /usr/lib64/libgtk-x11-2.0.so.0.1800.9
3f6ec5d000-3f6ee5c000 ---p 0045d000 fd:00 433726                         /usr/lib64/libgtk-x11-2.0.so.0.1800.9
3f6ee5c000-3f6ee67000 rw-p 0045c000 fd:00 433726                         /usr/lib64/libgtk-x11-2.0.so.0.1800.9
3f6ee67000-3f6ee69000 rw-p 00000000 00:00 0 
7f363c000000-7f363c021000 rw-p 00000000 00:00 0 
7f363c021000-7f3640000000 ---p 00000000 00:00 0 
7f3644000000-7f3644315000 rw-p 00000000 00:00 0 
7f3644315000-7f3648000000 ---p 00000000 00:00 0 
7f3648000000-7f3648021000 rw-p 00000000 00:00 0 
7f3648021000-7f364c000000 ---p 00000000 00:00 0 
7f364c000000-7f364c021000 rw-p 00000000 00:00 0 
7f364c021000-7f3650000000 ---p 00000000 00:00 0 
7f3650000000-7f3650194000 rw-p 00000000 00:00 0 
7f3650194000-7f3654000000 ---p 00000000 00:00 0 
7f3654000000-7f3654021000 rw-p 00000000 00:00 0 
7f3654021000-7f3658000000 ---p 00000000 00:00 0 
7f3658000000-7f3658021000 rw-p 00000000 00:00 0 
7f3658021000-7f365c000000 ---p 00000000 00:00 0 
7f365c000000-7f365c021000 rw-p 00000000 00:00 0 
7f365c021000-7f3660000000 ---p 00000000 00:00 0 
7f3660000000-7f3660021000 rw-p 00000000 00:00 0 
7f3660021000-7f3664000000 ---p 00000000 00:00 0 
7f3664000000-7f3664021000 rw-p 00000000 00:00 0 
7f3664021000-7f3668000000 ---p 00000000 00:00 0 
7f3668000000-7f3668021000 rw-p 00000000 00:00 0 
7f3668021000-7f366c000000 ---p 00000000 00:00 0 
7f366c000000-7f366c021000 rw-p 00000000 00:00 0 
7f366c021000-7f3670000000 ---p 00000000 00:00 0 
7f36738fa000-7f36738fd000 r-xp 00000000 fd:00 407868                     /usr/lib64/gtk-2.0/2.10.0/loaders/libpixbufloader-bmp.so
7f36738fd000-7f3673afd000 ---p 00003000 fd:00 407868                     /usr/lib64/gtk-2.0/2.10.0/loaders/libpixbufloader-bmp.so
7f3673afd000-7f3673afe000 rw-p 00003000 fd:00 407868                     /usr/lib64/gtk-2.0/2.10.0/loaders/libpixbufloader-bmp.so
7f3673afe000-7f3673aff000 ---p 00000000 00:00 0 
7f3673aff000-7f3673bff000 rwxp 00000000 00:00 0 
7f3673bff000-7f3673c02000 ---p 00000000 00:00 0 
7f3673c02000-7f3674000000 rwxp 00000000 00:00 0 
7f3674000000-7f3674021000 rw-p 00000000 00:00 0 
7f3674021000-7f3678000000 ---p 00000000 00:00 0 
7f3678000000-7f3678021000 rw-p 00000000 00:00 0 
7f3678021000-7f367c000000 ---p 00000000 00:00 0 
7f367c000000-7f367c021000 rw-p 00000000 00:00 0 
7f367c021000-7f3680000000 ---p 00000000 00:00 0 
7f3680000000-7f3680021000 rw-p 00000000 00:00 0 
7f3680021000-7f3684000000 ---p 00000000 00:00 0 
7f3684000000-7f3684021000 rw-p 00000000 00:00 0 
7f3684021000-7f3688000000 ---p 00000000 00:00 0 
7f3688000000-7f3688021000 rw-p 00000000 00:00 0 
7f3688021000-7f368c000000 ---p 00000000 00:00 0 
7f368c000000-7f368c021000 rw-p 00000000 00:00 0 
7f368c021000-7f3690000000 ---p 00000000 00:00 0 
7f3690000000-7f3690021000 rw-p 00000000 00:00 0 
7f3690021000-7f3694000000 ---p 00000000 00:00 0 
7f3694000000-7f3694021000 rw-p 00000000 00:00 0 
7f3694021000-7f3698000000 ---p 00000000 00:00 0 
7f3698000000-7f3698021000 rw-p 00000000 00:00 0 
7f3698021000-7f369c000000 ---p 00000000 00:00 0 
7f369c000000-7f369c021000 rw-p 00000000 00:00 0 
7f369c021000-7f36a0000000 ---p 00000000 00:00 0 
7f36a0000000-7f36a0021000 rw-p 00000000 00:00 0 
7f36a0021000-7f36a4000000 ---p 00000000 00:00 0 
7f36a4000000-7f36a4021000 rw-p 00000000 00:00 0 
7f36a4021000-7f36a8000000 ---p 00000000 00:00 0 
7f36a8000000-7f36a8021000 rw-p 00000000 00:00 0 
7f36a8021000-7f36ac000000 ---p 00000000 00:00 0 
7f36ac009000-7f36ac097000 rw-p 00000000 00:00 0 
7f36ac097000-7f36ac09a000 ---p 00000000 00:00 0 
7f36ac09a000-7f36ac198000 rwxp 00000000 00:00 0 
7f36ac198000-7f36ac19b000 ---p 00000000 00:00 0 
7f36ac19b000-7f36ac299000 rwxp 00000000 00:00 0 
7f36ac299000-7f36ac29c000 ---p 00000000 00:00 0 
7f36ac29c000-7f36ac69a000 rwxp 00000000 00:00 0 
7f36ac69a000-7f36ac69d000 ---p 00000000 00:00 0 
7f36ac69d000-7f36aca9b000 rwxp 00000000 00:00 0 
7f36aca9b000-7f36aca9e000 ---p 00000000 00:00 0 
7f36aca9e000-7f36ace9c000 rwxp 00000000 00:00 0 
7f36ace9c000-7f36ace9d000 ---p 00000000 00:00 0 
7f36ace9d000-7f36acf9d000 rwxp 00000000 00:00 0 
7f36acf9d000-7f36ae2e3000 rw-p 00000000 00:00 0 
7f36ae2e3000-7f36ae47a000 r--s 02abf000 fd:00 2530082                    /usr/local/comsol43b/java/glnxa64/jre/lib/rt.jar
7f36ae47a000-7f36ae4a2000 rw-p 00000000 00:00 0 
7f36ae4a2000-7f36ae4a3000 ---p 00000000 00:00 0 
7f36ae4a3000-7f36ae5a3000 rwxp 00000000 00:00 0 
7f36ae5a3000-7f36ae5a4000 ---p 00000000 00:00 0 
7f36ae5a4000-7f36ae6a4000 rwxp 00000000 00:00 0 
7f36ae6a4000-7f36ae6a5000 ---p 00000000 00:00 0 
7f36ae6a5000-7f36ae7a5000 rwxp 00000000 00:00 0 
7f36ae7a5000-7f36ae7a6000 ---p 00000000 00:00 0 
7f36ae7a6000-7f36ae8a6000 rwxp 00000000 00:00 0 
7f36ae8a6000-7f36ae8a7000 ---p 00000000 00:00 0 
7f36ae8a7000-7f36ae9a7000 rwxp 00000000 00:00 0 
7f36ae9a7000-7f36ae9a8000 ---p 00000000 00:00 0 
7f36ae9a8000-7f36aeaa8000 rwxp 00000000 00:00 0 
7f36aeaa8000-7f36aeaa9000 ---p 00000000 00:00 0 
7f36aeaa9000-7f36aeba9000 rwxp 00000000 00:00 0 
7f36aeba9000-7f36aebaa000 ---p 00000000 00:00 0 
7f36aebaa000-7f36aecaa000 rwxp 00000000 00:00 0 
7f36aecaa000-7f36aecab000 ---p 00000000 00:00 0 
7f36aecab000-7f36aedab000 rwxp 00000000 00:00 0 
7f36aedab000-7f36aedac000 ---p 00000000 00:00 0 
7f36aedac000-7f36aeeac000 rwxp 00000000 00:00 0 
7f36aeeac000-7f36aeead000 ---p 00000000 00:00 0 
7f36aeead000-7f36aefad000 rwxp 00000000 00:00 0 
7f36aefad000-7f36aefae000 ---p 00000000 00:00 0 
7f36aefae000-7f36af0ae000 rwxp 00000000 00:00 0 
7f36af0ae000-7f36af0af000 ---p 00000000 00:00 0 
7f36af0af000-7f36af1af000 rwxp 00000000 00:00 0 
7f36af1af000-7f36af1b0000 ---p 00000000 00:00 0 
7f36af1b0000-7f36af2b0000 rwxp 00000000 00:00 0 
7f36af2b0000-7f36af2b1000 ---p 00000000 00:00 0 
7f36af2b1000-7f36af3b1000 rwxp 00000000 00:00 0 
7f36af3b1000-7f36af3b2000 ---p 00000000 00:00 0 
7f36af3b2000-7f36af4b2000 rwxp 00000000 00:00 0 
7f36af4b2000-7f36af4b3000 ---p 00000000 00:00 0 
7f36af4b3000-7f36af5b3000 rwxp 00000000 00:00 0 
7f36af5b3000-7f36af5b4000 ---p 00000000 00:00 0 
7f36af5b4000-7f36af6b4000 rwxp 00000000 00:00 0 
7f36af6b4000-7f36af6bf000 rw-p 00000000 00:00 0 
7f36af6bf000-7f36af734000 rw-p 00000000 00:00 0 
7f36af734000-7f36af742000 rw-p 00000000 00:00 0 
7f36af742000-7f36b11df000 rw-p 00000000 00:00 0 
7f36b11df000-7f36b11ea000 rw-p 00000000 00:00 0 
7f36b11ea000-7f36b125f000 rw-p 00000000 00:00 0 
7f36b125f000-7f36b126d000 rw-p 00000000 00:00 0 
7f36b126d000-7f36b2d09000 rw-p 00000000 00:00 0 
7f36b2d09000-7f36b2d11000 rw-p 00000000 00:00 0 
7f36b2d11000-7f36b3a5f000 rw-p 00000000 00:00 0 
7f36b3a5f000-7f36b4f20000 rw-p 00000000 00:00 0 
7f36b4f20000-7f36c3a60000 rw-p 00000000 00:00 0 
7f36c3a60000-7f36c5510000 rw-p 00000000 00:00 0 
7f36c5510000-7f3a18fc0000 rw-p 00000000 00:00 0 
7f3a18fc0000-7f3a19d10000 rw-p 00000000 00:00 0 
7f3a19d10000-7f3bc3a60000 rw-p 00000000 00:00 0 
7f3bc3a60000-7f3bc3a6a000 rw-p 00000000 00:00 0 
7f3bc3a6a000-7f3bc3b20000 rw-p 00000000 00:00 0 
7f3bc3b20000-7f3bc3d90000 rwxp 00000000 00:00 0 
7f3bc3d90000-7f3bc6b20000 rw-p 00000000 00:00 0 
7f3bc6b20000-7f3bc6b2e000 r-xp 00000000 fd:00 2621723                    /usr/local/comsol43b/java/glnxa64/jre/lib/amd64/libzip.so
7f3bc6b2e000-7f3bc6c30000 ---p 0000e000 fd:00 2621723                    /usr/local/comsol43b/java/glnxa64/jre/lib/amd64/libzip.so
7f3bc6c30000-7f3bc6c33000 rw-p 00010000 fd:00 2621723                    /usr/local/comsol43b/java/glnxa64/jre/lib/amd64/libzip.so
7f3bc6c33000-7f3bc6c34000 rw-p 00000000 00:00 0 
7f3bc6c34000-7f3bc6c40000 r-xp 00000000 fd:00 2097182                    /lib64/libnss_files-2.12.so
7f3bc6c40000-7f3bc6e40000 ---p 0000c000 fd:00 2097182                    /lib64/libnss_files-2.12.so
7f3bc6e40000-7f3bc6e41000 r--p 0000c000 fd:00 2097182                    /lib64/libnss_files-2.12.so
7f3bc6e41000-7f3bc6e42000 rw-p 0000d000 fd:00 2097182                    /lib64/libnss_files-2.12.so
7f3bc6e62000-7f3bc6e69000 r-xp 00000000 fd:00 2621731                    /usr/local/comsol43b/java/glnxa64/jre/lib/amd64/native_threads/libhpi.so
7f3bc6e69000-7f3bc6f6a000 ---p 00007000 fd:00 2621731                    /usr/local/comsol43b/java/glnxa64/jre/lib/amd64/native_threads/libhpi.so
7f3bc6f6a000-7f3bc6f6c000 rw-p 00008000 fd:00 2621731                    /usr/local/comsol43b/java/glnxa64/jre/lib/amd64/native_threads/libhpi.so
7f3bc6f6c000-7f3bc6f6d000 rw-p 00000000 00:00 0 
7f3bc6f6d000-7f3bc6f96000 r-xp 00000000 fd:00 2621741                    /usr/local/comsol43b/java/glnxa64/jre/lib/amd64/libjava.so
7f3bc6f96000-7f3bc7095000 ---p 00029000 fd:00 2621741                    /usr/local/comsol43b/java/glnxa64/jre/lib/amd64/libjava.so
7f3bc7095000-7f3bc709c000 rw-p 00028000 fd:00 2621741                    /usr/local/comsol43b/java/glnxa64/jre/lib/amd64/libjava.so
7f3bc709c000-7f3bc70a9000 r-xp 00000000 fd:00 2621766                    /usr/local/comsol43b/java/glnxa64/jre/lib/amd64/libverify.so
7f3bc70a9000-7f3bc71a8000 ---p 0000d000 fd:00 2621766                    /usr/local/comsol43b/java/glnxa64/jre/lib/amd64/libverify.so
7f3bc71a8000-7f3bc71ab000 rw-p 0000c000 fd:00 2621766                    /usr/local/comsol43b/java/glnxa64/jre/lib/amd64/libverify.so
7f3bc71ab000-7f3bc7960000 r-xp 00000000 fd:00 2621757                    /usr/local/comsol43b/java/glnxa64/jre/lib/amd64/server/libjvm.so
7f3bc7960000-7f3bc7a5f000 ---p 007b5000 fd:00 2621757                    /usr/local/comsol43b/java/glnxa64/jre/lib/amd64/server/libjvm.so
7f3bc7a5f000-7f3bc7bea000 rw-p 007b4000 fd:00 2621757                    /usr/local/comsol43b/java/glnxa64/jre/lib/amd64/server/libjvm.so
7f3bc7bea000-7f3bc7c23000 rw-p 00000000 00:00 0 
7f3bc7c23000-7f3bc7c33000 r-xp 00000000 fd:00 2518886                    /usr/local/comsol43b/bin/glnxa64/comsol_1312.so
7f3bc7c33000-7f3bc7d32000 ---p 00010000 fd:00 2518886                    /usr/local/comsol43b/bin/glnxa64/comsol_1312.so
7f3bc7d32000-7f3bc7d34000 rw-p 0000f000 fd:00 2518886                    /usr/local/comsol43b/bin/glnxa64/comsol_1312.so
7f3bc7d34000-7f3bcdbc5000 r--p 00000000 fd:00 394879                     /usr/lib/locale/locale-archive
7f3bcdbc5000-7f3bcdbc9000 rw-p 00000000 00:00 0 
7f3bcdbd5000-7f3bcdbdd000 r--s 00077000 fd:00 2529917                    /usr/local/comsol43b/plugins/com.comsol.util_1.0.0.jar
7f3bcdbdd000-7f3bcdbdf000 r--s 0000b000 fd:00 2529980                    /usr/local/comsol43b/plugins/org.eclipse.equinox.launcher_1.3.0.v20120522-1813.jar
7f3bcdbdf000-7f3bcdbe7000 rw-s 00000000 fd:00 1455536                    /tmp/hsperfdata_NANOMINE/17537
7f3bcdbe7000-7f3bcdbe8000 rw-p 00000000 00:00 0 
7f3bcdbe8000-7f3bcdbe9000 r--p 00000000 00:00 0 
7f3bcdbe9000-7f3bcdbeb000 r-xp 00000000 fd:00 2621720                    /usr/local/comsol43b/java/glnxa64/jre/lib/amd64/libjsig.so
7f3bcdbeb000-7f3bcdcea000 ---p 00002000 fd:00 2621720                    /usr/local/comsol43b/java/glnxa64/jre/lib/amd64/libjsig.so
7f3bcdcea000-7f3bcdceb000 rw-p 00001000 fd:00 2621720                    /usr/local/comsol43b/java/glnxa64/jre/lib/amd64/libjsig.so
7f3bcdceb000-7f3bcdced000 rw-p 00000000 00:00 0 
7fffdf73e000-7fffdf741000 ---p 00000000 00:00 0 
7fffdf742000-7fffdf93e000 rwxp 00000000 00:00 0                          [stack]
7fffdf93e000-7fffdf941000 rw-p 00000000 00:00 0 
7fffdf96e000-7fffdf96f000 r-xp 00000000 00:00 0                          [vdso]
ffffffffff600000-ffffffffff601000 r-xp 00000000 00:00 0                  [vsyscall]

VM Arguments:
jvm_args: -Dosgi.splashPath=platform:/base/plugins/com.comsol.util/ -Dosgi.clean=true -Dosgi.configuration.cascaded=true -Dosgi.checkConfiguration=true -Dosgi.sharedConfiguration.area=file:configuration/comsol -Dosgi.sharedConfiguration.area.readOnly=true -Dosgi.configuration.area=@user.home/.comsol/v43b/configuration/comsol -Dosgi.instance.area=@user.home/.comsol/v43b/workspace/comsol -Dcs.logoutput=file -Dcs.logfileprefix=comsol -Dcs.client=true -Xss4m -Xms40m -Xmx20480m -XX:MaxPermSize=256m 
java_command: <unknown>
Launcher Type: generic

Environment Variables:
PATH=/usr/lib64/qt-3.3/bin:/usr/kerberos/sbin:/usr/kerberos/bin:/usr/local/bin:/bin:/usr/bin:/usr/local/sbin:/usr/sbin:/sbin:/opt/intel/composerxe-2011/bin:/SIMULIA/Commands:/usr/local/comsol43b/bin:/usr/local/mongodb/bin:/ABQ613/Commands:/home/programs/MATLAB/R2014a/bin:/usr/local/Z8.5/calcul:/opt/mpich/bin:/home/NANOMINE/bin:/home/NANOMINE/home/NANOMINE/Develop/usr/local/bin:/opt/intel/composerxe-2011/bin:/SIMULIA/Commands:/usr/local/comsol43b/bin:/usr/local/mongodb/bin:/ABQ613/Commands:/home/programs/MATLAB/R2014a/bin:/usr/local/Z8.5/bin:/usr/local/Z8.5/calcul:/opt/mpich/bin:/bin:/usr/bin:/sbin:/usr/sbin:/usr/local/bin
LD_LIBRARY_PATH=/usr/local/comsol43b/java/glnxa64/jre/lib/amd64/server:/usr/local/comsol43b/java/glnxa64/jre/lib/amd64:/usr/local/comsol43b/ext/graphicsmagick/glnxa64/:/usr/local/comsol43b/ext/cadimport/glnxa64:/usr/local/comsol43b/lib/glnxa64/ipv4:/usr/local/comsol43b/lib/glnxa64::/opt/intel/lib/intel64:/usr/local/Z8.5/PUBLIC/lib-Linux_64
LD_PRELOAD=/usr/local/comsol43b/java/glnxa64/jre/lib/amd64/libjsig.so
SHELL=/bin/bash
DISPLAY=localhost:11.0

Signal Handlers:
SIGSEGV: [libjvm.so+0x70ffd0], sa_mask[0]=0x7fffffff, sa_flags=0x10000004
SIGBUS: [libjvm.so+0x70ffd0], sa_mask[0]=0x7fffffff, sa_flags=0x10000004
SIGFPE: SIG_DFL, sa_mask[0]=0x00000000, sa_flags=0x00000000
SIGPIPE: SIG_IGN, sa_mask[0]=0x00000000, sa_flags=0x00000000
SIGXFSZ: SIG_DFL, sa_mask[0]=0x00000000, sa_flags=0x00000000
SIGILL: SIG_DFL, sa_mask[0]=0x00000000, sa_flags=0x00000000
SIGUSR1: SIG_DFL, sa_mask[0]=0x00000000, sa_flags=0x00000000
SIGUSR2: [libjvm.so+0x5db510], sa_mask[0]=0x00000000, sa_flags=0x10000004
SIGHUP: [libjvm.so+0x5db260], sa_mask[0]=0x7ffbfeff, sa_flags=0x10000004
SIGINT: [libjvm.so+0x5db260], sa_mask[0]=0x7ffbfeff, sa_flags=0x10000004
SIGTERM: [libjvm.so+0x5db260], sa_mask[0]=0x7ffbfeff, sa_flags=0x10000004
SIGQUIT: [libjvm.so+0x5db260], sa_mask[0]=0x7ffbfeff, sa_flags=0x10000004


---------------  S Y S T E M  ---------------

OS:Red Hat Enterprise Linux Workstation release 6.2 (Santiago)

uname:Linux 2.6.32-250.el6.x86_64 #1 SMP Tue Mar 6 23:00:19 EST 2012 x86_64
libc:glibc 2.12 NPTL 2.12 
rlimit: STACK 10240k, CORE 0k, NPROC 1024, NOFILE 4096, AS infinity
load average:0.93 0.91 0.90

CPU:total 24 (16 cores per cpu, 2 threads per core) family 6 model 45 stepping 7, cmov, cx8, fxsr, mmx, sse, sse2, sse3, ssse3, sse4.1, sse4.2, popcnt, ht

Memory: 4k page, physical 198281444k(151898664k free), swap 200523768k(199891368k free)

vm_info: Java HotSpot(TM) 64-Bit Server VM (16.3-b01) for linux-amd64 JRE (1.6.0_20-b02), built on Apr 12 2010 13:57:11 by "java_re" with gcc 3.2.2 (SuSE Linux)

time: Fri Aug 28 15:23:57 2015
elapsed time: 2 seconds

