
                            < M A T L A B (R) >
                  Copyright 1984-2014 The MathWorks, Inc.
                    R2014a (8.3.0.532) 64-bit (glnxa64)
                             February 11, 2014

 
To get started, type one of these: helpwin, helpdesk, or demo.
For product information, visit www.mathworks.com.
 
AC mode is selected. Begin applying dielectric permittivity spectroscopy Prony series to polymer data.
Ratio of physical length to pixel: 0.95602nm-per-pixel
X dimension:
   9.9044e-04

X max:
   8.3320e-04

X min:
   1.5405e-04

Y max:
   8.8501e-04

Y min:
   1.4317e-04

Number of clusters in FEA geometry: 16
Actual VF in simulation window: 0.005097
Corrected VF in simulation window: 0.01
AC mode is selected. Begin applying dielectric permittivity spectroscopy Prony series to polymer data.
Ratio of physical length to pixel: 0.95602nm-per-pixel
X dimension:
   9.9044e-04

X max:
   8.3320e-04

X min:
   1.5405e-04

Y max:
   8.8501e-04

Y min:
   1.4317e-04

Number of clusters in FEA geometry: 16
Actual VF in simulation window: 0.005097
Corrected VF in simulation window: 0.01
AC mode is selected. Begin applying dielectric permittivity spectroscopy Prony series to polymer data.
Ratio of physical length to pixel: 0.95602nm-per-pixel
X dimension:
   9.9044e-04

X max:
   8.3320e-04

X min:
   1.5405e-04

Y max:
   8.8501e-04

Y min:
   1.4317e-04

Number of clusters in FEA geometry: 16
Actual VF in simulation window: 0.005097
Corrected VF in simulation window: 0.01
AC mode is selected. Begin applying dielectric permittivity spectroscopy Prony series to polymer data.
Ratio of physical length to pixel: 0.95602nm-per-pixel
X dimension:
   9.9044e-04

X max:
   8.3320e-04

X min:
   1.5405e-04

Y max:
   8.8501e-04

Y min:
   1.4317e-04

Number of clusters in FEA geometry: 16
Actual VF in simulation window: 0.005097
Corrected VF in simulation window: 0.01
AC mode is selected. Begin applying dielectric permittivity spectroscopy Prony series to polymer data.
Ratio of physical length to pixel: 0.95602nm-per-pixel
X dimension:
   9.9044e-04

X max:
   8.3320e-04

X min:
   1.5405e-04

Y max:
   8.8501e-04

Y min:
   1.4317e-04

Number of clusters in FEA geometry: 16
Actual VF in simulation window: 0.005097
Corrected VF in simulation window: 0.01
AC mode is selected. Begin applying dielectric permittivity spectroscopy Prony series to polymer data.
Ratio of physical length to pixel: 0.95602nm-per-pixel
X dimension:
   9.9044e-04

X max:
   8.3320e-04

X min:
   1.5405e-04

Y max:
   8.8501e-04

Y min:
   1.4317e-04

Number of clusters in FEA geometry: 16
Actual VF in simulation window: 0.005097
Corrected VF in simulation window: 0.01
AC mode is selected. Begin applying dielectric permittivity spectroscopy Prony series to polymer data.
Ratio of physical length to pixel: 0.95602nm-per-pixel
X dimension:
   9.9044e-04

X max:
   8.3320e-04

X min:
   1.5405e-04

Y max:
   8.8501e-04

Y min:
   1.4317e-04

Number of clusters in FEA geometry: 16
Actual VF in simulation window: 0.005097
Corrected VF in simulation window: 0.01
AC mode is selected. Begin applying dielectric permittivity spectroscopy Prony series to polymer data.
Ratio of physical length to pixel: 0.95602nm-per-pixel
X dimension:
   9.9044e-04

X max:
   8.3320e-04

X min:
   1.5405e-04

Y max:
   8.8501e-04

Y min:
   1.4317e-04

Number of clusters in FEA geometry: 16
Actual VF in simulation window: 0.005097
Corrected VF in simulation window: 0.01
AC mode is selected. Begin applying dielectric permittivity spectroscopy Prony series to polymer data.
Ratio of physical length to pixel: 0.95602nm-per-pixel
X dimension:
   9.9044e-04

X max:
   8.3320e-04

X min:
   1.5405e-04

Y max:
   8.8501e-04

Y min:
   1.4317e-04

Number of clusters in FEA geometry: 16
Actual VF in simulation window: 0.005097
Corrected VF in simulation window: 0.01
AC mode is selected. Begin applying dielectric permittivity spectroscopy Prony series to polymer data.
Ratio of physical length to pixel: 0.95602nm-per-pixel
X dimension:
   9.9044e-04

X max:
   8.3320e-04

X min:
   1.5405e-04

Y max:
   8.8501e-04

Y min:
   1.4317e-04

Number of clusters in FEA geometry: 16
Actual VF in simulation window: 0.005097
Corrected VF in simulation window: 0.01
AC mode is selected. Begin applying dielectric permittivity spectroscopy Prony series to polymer data.
Ratio of physical length to pixel: 0.95602nm-per-pixel
X dimension:
   9.9044e-04

X max:
   8.3320e-04

X min:
   1.5405e-04

Y max:
   8.8501e-04

Y min:
   1.4317e-04

Number of clusters in FEA geometry: 16
Actual VF in simulation window: 0.005097
Corrected VF in simulation window: 0.01
AC mode is selected. Begin applying dielectric permittivity spectroscopy Prony series to polymer data.
Ratio of physical length to pixel: 0.95602nm-per-pixel
X dimension:
   9.9044e-04

X max:
   8.3320e-04

X min:
   1.5405e-04

Y max:
   8.8501e-04

Y min:
   1.4317e-04

Number of clusters in FEA geometry: 16
Actual VF in simulation window: 0.005097
Corrected VF in simulation window: 0.01
AC mode is selected. Begin applying dielectric permittivity spectroscopy Prony series to polymer data.
Ratio of physical length to pixel: 0.95602nm-per-pixel
X dimension:
   9.9044e-04

X max:
   8.3320e-04

X min:
   1.5405e-04

Y max:
   8.8501e-04

Y min:
   1.4317e-04

Number of clusters in FEA geometry: 16
Actual VF in simulation window: 0.005097
Corrected VF in simulation window: 0.01
AC mode is selected. Begin applying dielectric permittivity spectroscopy Prony series to polymer data.
Ratio of physical length to pixel: 0.95602nm-per-pixel
X dimension:
   9.9044e-04

X max:
   8.3320e-04

X min:
   1.5405e-04

Y max:
   8.8501e-04

Y min:
   1.4317e-04

Number of clusters in FEA geometry: 16
Actual VF in simulation window: 0.005097
Corrected VF in simulation window: 0.01
AC mode is selected. Begin applying dielectric permittivity spectroscopy Prony series to polymer data.
Ratio of physical length to pixel: 0.95602nm-per-pixel
X dimension:
   9.9044e-04

X max:
   8.3320e-04

X min:
   1.5405e-04

Y max:
   8.8501e-04

Y min:
   1.4317e-04

Number of clusters in FEA geometry: 16
Actual VF in simulation window: 0.005097
Corrected VF in simulation window: 0.01
