
                            < M A T L A B (R) >
                  Copyright 1984-2014 The MathWorks, Inc.
                    R2014a (8.3.0.532) 64-bit (glnxa64)
                             February 11, 2014

 
To get started, type one of these: helpwin, helpdesk, or demo.
For product information, visit www.mathworks.com.
 
AC mode is selected. Begin applying dielectric permittivity spectroscopy Prony series to polymer data.
Ratio of physical length to pixel: 0.95602nm-per-pixel
X dimension:
   9.9044e-04

X max:
   8.3320e-04

X min:
   1.5405e-04

Y max:
   8.8501e-04

Y min:
   1.4317e-04

Number of clusters in FEA geometry: 16
Actual VF in simulation window: 0.005097
Corrected VF in simulation window: 0.005
AC mode: define polymer and interphase dielectric permittivity.
AC mode is selected. Begin applying dielectric permittivity spectroscopy Prony series to polymer data.
Ratio of physical length to pixel: 0.95602nm-per-pixel
X dimension:
   9.9044e-04

X max:
   8.3320e-04

X min:
   1.5405e-04

Y max:
   8.8501e-04

Y min:
   1.4317e-04

Number of clusters in FEA geometry: 16
Actual VF in simulation window: 0.005097
Corrected VF in simulation window: 0.005
AC mode: define polymer and interphase dielectric permittivity.
Use 1-to-1 mapping of filler microstructure ...
Ellipse1
Ellipse2
Ellipse3
Ellipse4
Ellipse5
Ellipse6
Ellipse7
Ellipse8
Ellipse9
Ellipse10
Ellipse11
Ellipse12
Ellipse13
Ellipse14
Ellipse15
Ellipse16
EllipseIF1-1
EllipseIF1-2
EllipseIF1-3
EllipseIF1-4
EllipseIF1-5
EllipseIF1-6
EllipseIF1-7
EllipseIF1-8
EllipseIF1-9
EllipseIF1-10
EllipseIF1-11
EllipseIF1-12
EllipseIF1-13
EllipseIF1-14
EllipseIF1-15
EllipseIF1-16
EllipseIF2-1
EllipseIF2-2
EllipseIF2-3
EllipseIF2-4
EllipseIF2-5
EllipseIF2-6
EllipseIF2-7
EllipseIF2-8
EllipseIF2-9
EllipseIF2-10
EllipseIF2-11
EllipseIF2-12
EllipseIF2-13
EllipseIF2-14
EllipseIF2-15
EllipseIF2-16
Finished building unions and differences on fillers, interphase, and rectangular simulation block.
Found all boundary indices
Created material
created EC physics
Finished meshing
created study
Finished computing solution
Write imaginary composite permittivity to file:
CompPermImag.csv
Write real composite permittivity to file:
CompPermReal.csv
Job done. Output result to .mph file
Elapsed time is 125.224926 seconds.
