
                            < M A T L A B (R) >
                  Copyright 1984-2014 The MathWorks, Inc.
                    R2014a (8.3.0.532) 64-bit (glnxa64)
                             February 11, 2014

 
To get started, type one of these: helpwin, helpdesk, or demo.
For product information, visit www.mathworks.com.
 
AC mode is selected. Begin applying dielectric permittivity spectroscopy Prony series to polymer data.
Ratio of physical length to pixel: 0.95602nm-per-pixel
X dimension:
   9.9044e-04

X max:
   9.2785e-04

X min:
   2.4870e-04

Y max:
   9.7966e-04

Y min:
   2.3782e-04

Number of clusters in FEA geometry: 16
Actual VF in simulation window: 0.0046585
Corrected VF in simulation window: 0.01
AC mode: define polymer and interphase dielectric permittivity.
{Attempt to reference field of non-structure array.

Error in myfun_comsol_create_model (line 12)
model.variable('var1').set('ep',epmodel.ep);


Error in myfun_comsol_build (line 39)
model       = myfun_comsol_create_model(model);


Error in main (line 102)
[model] = myfun_comsol_build(binsource, savefile);


Error in runmain (line 115)
main(id, bin_img, const);

Error in trigger (line 7)
runmain(1,PORT)
} 
>> 