
                            < M A T L A B (R) >
                  Copyright 1984-2014 The MathWorks, Inc.
                    R2014a (8.3.0.532) 64-bit (glnxa64)
                             February 11, 2014

 
To get started, type one of these: helpwin, helpdesk, or demo.
For product information, visit www.mathworks.com.
 
/home/NANOMINE/ONR/web/20150818194225_7
AC mode is selected. Begin applying dielectric permittivity spectroscopy Prony series to polymer data.
Ratio of physical length to pixel: 0.95602nm-per-pixel
X dimension:
    0.0013

X max:
   9.5380e-04

X min:
   2.7465e-04

Y max:
    0.0010

Y min:
   2.6378e-04

Number of clusters in FEA geometry: 16
Actual VF in simulation window: 0.0029247
Corrected VF in simulation window: 0.01
