PuTTY X11 proxy: MIT-MAGIC-COOKIE-1 data did not match
                            < M A T L A B (R) >
                  Copyright 1984-2014 The MathWorks, Inc.
                    R2014a (8.3.0.532) 64-bit (glnxa64)
                             February 11, 2014

 
To get started, type one of these: helpwin, helpdesk, or demo.
For product information, visit www.mathworks.com.
 
AC mode is selected. Begin applying dielectric permittivity spectroscopy Prony series to polymer data.
AC mode is selected. Begin applying dielectric permittivity spectroscopy Prony series to polymer data.
AC mode is selected. Begin applying dielectric permittivity spectroscopy Prony series to polymer data.
AC mode is selected. Begin applying dielectric permittivity spectroscopy Prony series to polymer data.
Ratio of physical length to pixel: 0.46296nm-per-pixel
X dimension:
   9.9537e-04

X max:
   31.8346

X min:
    6.2964

Y max:
  332.6556

Y min:
   23.9344

Number of clusters in FEA geometry: 8
Actual VF in simulation window: 264033884166.077
Corrected VF in simulation window: 0.01
AC mode: define polymer and interphase dielectric permittivity.
AC mode is selected. Begin applying dielectric permittivity spectroscopy Prony series to polymer data.
Ratio of physical length to pixel: 0.46296nm-per-pixel
X dimension:
   9.9537e-04

X max:
   31.8346

X min:
    6.2964

Y max:
  332.6556

Y min:
   23.9344

Number of clusters in FEA geometry: 8
Actual VF in simulation window: 264033884166.077
Corrected VF in simulation window: 0.01
AC mode: define polymer and interphase dielectric permittivity.
Use 1-to-1 mapping of filler microstructure ...
Ellipse1
Ellipse2
Ellipse3
Ellipse4
Ellipse5
Ellipse6
Ellipse7
Ellipse8
EllipseIF1-1
EllipseIF1-2
EllipseIF1-3
EllipseIF1-4
EllipseIF1-5
EllipseIF1-6
EllipseIF1-7
EllipseIF1-8
EllipseIF2-1
EllipseIF2-2
EllipseIF2-3
EllipseIF2-4
EllipseIF2-5
EllipseIF2-6
EllipseIF2-7
EllipseIF2-8
AC mode is selected. Begin applying dielectric permittivity spectroscopy Prony series to polymer data.
Ratio of physical length to pixel: 0.46296nm-per-pixel
X dimension:
   9.9537e-04

X max:
   31.8346

X min:
    6.2964

Y max:
  332.6556

Y min:
   23.9344

Number of clusters in FEA geometry: 8
Actual VF in simulation window: 264033884166.077
Corrected VF in simulation window: 0.01
AC mode: define polymer and interphase dielectric permittivity.
Use 1-to-1 mapping of filler microstructure ...
Ellipse1
Ellipse2
Ellipse3
Ellipse4
Ellipse5
Ellipse6
Ellipse7
Ellipse8
EllipseIF1-1
EllipseIF1-2
EllipseIF1-3
EllipseIF1-4
EllipseIF1-5
EllipseIF1-6
EllipseIF1-7
EllipseIF1-8
EllipseIF2-1
EllipseIF2-2
EllipseIF2-3
EllipseIF2-4
EllipseIF2-5
EllipseIF2-6
EllipseIF2-7
EllipseIF2-8
AC mode is selected. Begin applying dielectric permittivity spectroscopy Prony series to polymer data.
Ratio of physical length to pixel: 0.46296nm-per-pixel
X dimension:
   9.9537e-04

X max:
   31.8346

X min:
    6.2964

Y max:
  332.6556

Y min:
   23.9344

Number of clusters in FEA geometry: 8
Actual VF in simulation window: 264033884166.077
Corrected VF in simulation window: 0.01
AC mode: define polymer and interphase dielectric permittivity.
Use 1-to-1 mapping of filler microstructure ...
Ellipse1
Ellipse2
Ellipse3
Ellipse4
Ellipse5
Ellipse6
Ellipse7
Ellipse8
EllipseIF1-1
EllipseIF1-2
EllipseIF1-3
EllipseIF1-4
EllipseIF1-5
EllipseIF1-6
EllipseIF1-7
EllipseIF1-8
EllipseIF2-1
EllipseIF2-2
EllipseIF2-3
EllipseIF2-4
EllipseIF2-5
EllipseIF2-6
EllipseIF2-7
EllipseIF2-8
AC mode is selected. Begin applying dielectric permittivity spectroscopy Prony series to polymer data.
Ratio of physical length to pixel: 0.46296nm-per-pixel
X dimension:
   9.9537e-04

X max:
   31.8346

X min:
    6.2964

Y max:
  332.6556

Y min:
   23.9344

Number of clusters in FEA geometry: 8
Actual VF in simulation window: 264033884166.077
Corrected VF in simulation window: 0.01
AC mode: define polymer and interphase dielectric permittivity.
Use 1-to-1 mapping of filler microstructure ...
Ellipse1
Ellipse2
Ellipse3
Ellipse4
Ellipse5
Ellipse6
Ellipse7
Ellipse8
EllipseIF1-1
EllipseIF1-2
EllipseIF1-3
EllipseIF1-4
EllipseIF1-5
EllipseIF1-6
EllipseIF1-7
EllipseIF1-8
EllipseIF2-1
EllipseIF2-2
EllipseIF2-3
EllipseIF2-4
EllipseIF2-5
EllipseIF2-6
EllipseIF2-7
EllipseIF2-8
AC mode is selected. Begin applying dielectric permittivity spectroscopy Prony series to polymer data.
Ratio of physical length to pixel: 0.46296nm-per-pixel
X dimension:
   9.9537e-04

X max:
   31.8346

X min:
    6.2964

Y max:
  332.6556

Y min:
   23.9344

Number of clusters in FEA geometry: 8
Actual VF in simulation window: 264033884166.077
Corrected VF in simulation window: 0.01
AC mode: define polymer and interphase dielectric permittivity.
Use 1-to-1 mapping of filler microstructure ...
Ellipse1
Ellipse2
Ellipse3
Ellipse4
Ellipse5
Ellipse6
Ellipse7
Ellipse8
EllipseIF1-1
EllipseIF1-2
EllipseIF1-3
EllipseIF1-4
EllipseIF1-5
EllipseIF1-6
EllipseIF1-7
EllipseIF1-8
EllipseIF2-1
EllipseIF2-2
EllipseIF2-3
EllipseIF2-4
EllipseIF2-5
EllipseIF2-6
EllipseIF2-7
EllipseIF2-8
AC mode is selected. Begin applying dielectric permittivity spectroscopy Prony series to polymer data.
Ratio of physical length to pixel: 0.46296nm-per-pixel
X dimension:
   9.9537e-04

X max:
   31.8346

X min:
    6.2964

Y max:
  332.6556

Y min:
   23.9344

Number of clusters in FEA geometry: 8
Actual VF in simulation window: 264033884166.077
Corrected VF in simulation window: 0.01
AC mode: define polymer and interphase dielectric permittivity.
Use 1-to-1 mapping of filler microstructure ...
Ellipse1
Ellipse2
Ellipse3
Ellipse4
Ellipse5
Ellipse6
Ellipse7
Ellipse8
EllipseIF1-1
EllipseIF1-2
EllipseIF1-3
EllipseIF1-4
EllipseIF1-5
EllipseIF1-6
EllipseIF1-7
EllipseIF1-8
EllipseIF2-1
EllipseIF2-2
EllipseIF2-3
EllipseIF2-4
EllipseIF2-5
EllipseIF2-6
EllipseIF2-7
EllipseIF2-8
AC mode is selected. Begin applying dielectric permittivity spectroscopy Prony series to polymer data.
Ratio of physical length to pixel: 0.46296nm-per-pixel
X dimension:
   9.9537e-04

X max:
   31.8346

X min:
    6.2964

Y max:
  332.6556

Y min:
   23.9344

Number of clusters in FEA geometry: 8
Actual VF in simulation window: 264033884166.077
Corrected VF in simulation window: 0.01
AC mode: define polymer and interphase dielectric permittivity.
Use 1-to-1 mapping of filler microstructure ...
Ellipse1
Ellipse2
Ellipse3
Ellipse4
Ellipse5
Ellipse6
Ellipse7
Ellipse8
EllipseIF1-1
EllipseIF1-2
EllipseIF1-3
EllipseIF1-4
EllipseIF1-5
EllipseIF1-6
EllipseIF1-7
EllipseIF1-8
EllipseIF2-1
EllipseIF2-2
EllipseIF2-3
EllipseIF2-4
EllipseIF2-5
EllipseIF2-6
EllipseIF2-7
EllipseIF2-8
AC mode is selected. Begin applying dielectric permittivity spectroscopy Prony series to polymer data.
Ratio of physical length to pixel: 0.46296nm-per-pixel
X dimension:
   9.9537e-04

X max:
   31.8346

X min:
    6.2964

Y max:
  332.6556

Y min:
   23.9344

Number of clusters in FEA geometry: 8
Actual VF in simulation window: 264033884166.077
Corrected VF in simulation window: 0.01
AC mode: define polymer and interphase dielectric permittivity.
Use 1-to-1 mapping of filler microstructure ...
Ellipse1
Ellipse2
Ellipse3
Ellipse4
Ellipse5
Ellipse6
Ellipse7
Ellipse8
EllipseIF1-1
EllipseIF1-2
EllipseIF1-3
EllipseIF1-4
EllipseIF1-5
EllipseIF1-6
EllipseIF1-7
EllipseIF1-8
EllipseIF2-1
EllipseIF2-2
EllipseIF2-3
EllipseIF2-4
EllipseIF2-5
EllipseIF2-6
EllipseIF2-7
EllipseIF2-8
AC mode is selected. Begin applying dielectric permittivity spectroscopy Prony series to polymer data.
Ratio of physical length to pixel: 0.46296nm-per-pixel
X dimension:
   9.9537e-04

X max:
   31.8346

X min:
    6.2964

Y max:
  332.6556

Y min:
   23.9344

Number of clusters in FEA geometry: 8
Actual VF in simulation window: 264033884166.077
Corrected VF in simulation window: 0.01
AC mode: define polymer and interphase dielectric permittivity.
Use 1-to-1 mapping of filler microstructure ...
Ellipse1
Ellipse2
Ellipse3
Ellipse4
Ellipse5
Ellipse6
Ellipse7
Ellipse8
EllipseIF1-1
EllipseIF1-2
EllipseIF1-3
EllipseIF1-4
EllipseIF1-5
EllipseIF1-6
EllipseIF1-7
EllipseIF1-8
EllipseIF2-1
EllipseIF2-2
EllipseIF2-3
EllipseIF2-4
EllipseIF2-5
EllipseIF2-6
EllipseIF2-7
EllipseIF2-8
AC mode is selected. Begin applying dielectric permittivity spectroscopy Prony series to polymer data.
Ratio of physical length to pixel: 0.46296nm-per-pixel
X dimension:
   9.9537e-04

X max:
   31.8346

X min:
    6.2964

Y max:
  332.6556

Y min:
   23.9344

Number of clusters in FEA geometry: 8
Actual VF in simulation window: 264033884166.077
Corrected VF in simulation window: 0.01
AC mode: define polymer and interphase dielectric permittivity.
Use 1-to-1 mapping of filler microstructure ...
Ellipse1
Ellipse2
Ellipse3
Ellipse4
Ellipse5
Ellipse6
Ellipse7
Ellipse8
EllipseIF1-1
EllipseIF1-2
EllipseIF1-3
EllipseIF1-4
EllipseIF1-5
EllipseIF1-6
EllipseIF1-7
EllipseIF1-8
EllipseIF2-1
EllipseIF2-2
EllipseIF2-3
EllipseIF2-4
EllipseIF2-5
EllipseIF2-6
EllipseIF2-7
EllipseIF2-8
AC mode is selected. Begin applying dielectric permittivity spectroscopy Prony series to polymer data.
Ratio of physical length to pixel: 0.46296nm-per-pixel
X dimension:
   9.9537e-04

X max:
   31.8346

X min:
    6.2964

Y max:
  332.6556

Y min:
   23.9344

Number of clusters in FEA geometry: 8
Actual VF in simulation window: 264033884166.077
Corrected VF in simulation window: 0.01
AC mode: define polymer and interphase dielectric permittivity.
Use 1-to-1 mapping of filler microstructure ...
Ellipse1
Ellipse2
Ellipse3
Ellipse4
Ellipse5
Ellipse6
Ellipse7
Ellipse8
EllipseIF1-1
EllipseIF1-2
EllipseIF1-3
EllipseIF1-4
EllipseIF1-5
EllipseIF1-6
EllipseIF1-7
EllipseIF1-8
EllipseIF2-1
EllipseIF2-2
EllipseIF2-3
EllipseIF2-4
EllipseIF2-5
EllipseIF2-6
EllipseIF2-7
EllipseIF2-8
AC mode is selected. Begin applying dielectric permittivity spectroscopy Prony series to polymer data.
Ratio of physical length to pixel: 0.46296nm-per-pixel
X dimension:
   9.9537e-04

X max:
   31.8346

X min:
    6.2964

Y max:
  332.6556

Y min:
   23.9344

Number of clusters in FEA geometry: 8
Actual VF in simulation window: 264033884166.077
Corrected VF in simulation window: 0.01
AC mode: define polymer and interphase dielectric permittivity.
Use 1-to-1 mapping of filler microstructure ...
Ellipse1
Ellipse2
Ellipse3
Ellipse4
Ellipse5
Ellipse6
Ellipse7
Ellipse8
EllipseIF1-1
EllipseIF1-2
EllipseIF1-3
EllipseIF1-4
EllipseIF1-5
EllipseIF1-6
EllipseIF1-7
EllipseIF1-8
EllipseIF2-1
EllipseIF2-2
EllipseIF2-3
EllipseIF2-4
EllipseIF2-5
EllipseIF2-6
EllipseIF2-7
EllipseIF2-8
AC mode is selected. Begin applying dielectric permittivity spectroscopy Prony series to polymer data.
Ratio of physical length to pixel: 0.46296nm-per-pixel
X dimension:
   9.9537e-04

X max:
   31.8346

X min:
    6.2964

Y max:
  332.6556

Y min:
   23.9344

Number of clusters in FEA geometry: 8
Actual VF in simulation window: 264033884166.077
Corrected VF in simulation window: 0.01
AC mode: define polymer and interphase dielectric permittivity.
Use 1-to-1 mapping of filler microstructure ...
Ellipse1
Ellipse2
Ellipse3
Ellipse4
Ellipse5
Ellipse6
Ellipse7
Ellipse8
EllipseIF1-1
EllipseIF1-2
EllipseIF1-3
EllipseIF1-4
EllipseIF1-5
EllipseIF1-6
EllipseIF1-7
EllipseIF1-8
EllipseIF2-1
EllipseIF2-2
EllipseIF2-3
EllipseIF2-4
EllipseIF2-5
EllipseIF2-6
EllipseIF2-7
EllipseIF2-8
AC mode is selected. Begin applying dielectric permittivity spectroscopy Prony series to polymer data.
Ratio of physical length to pixel: 0.46296nm-per-pixel
X dimension:
   9.9537e-04

X max:
   31.8346

X min:
    6.2964

Y max:
  332.6556

Y min:
   23.9344

Number of clusters in FEA geometry: 8
Actual VF in simulation window: 264033884166.077
Corrected VF in simulation window: 0.01
AC mode: define polymer and interphase dielectric permittivity.
Use 1-to-1 mapping of filler microstructure ...
Ellipse1
Ellipse2
Ellipse3
Ellipse4
Ellipse5
Ellipse6
Ellipse7
Ellipse8
EllipseIF1-1
EllipseIF1-2
EllipseIF1-3
EllipseIF1-4
EllipseIF1-5
EllipseIF1-6
EllipseIF1-7
EllipseIF1-8
EllipseIF2-1
EllipseIF2-2
EllipseIF2-3
EllipseIF2-4
EllipseIF2-5
EllipseIF2-6
EllipseIF2-7
EllipseIF2-8
AC mode is selected. Begin applying dielectric permittivity spectroscopy Prony series to polymer data.
Ratio of physical length to pixel: 0.46296nm-per-pixel
X dimension:
   9.9537e-04

X max:
   31.8346

X min:
    6.2964

Y max:
  332.6556

Y min:
   23.9344

Number of clusters in FEA geometry: 8
Actual VF in simulation window: 264033884166.077
Corrected VF in simulation window: 0.01
AC mode: define polymer and interphase dielectric permittivity.
Use 1-to-1 mapping of filler microstructure ...
Ellipse1
Ellipse2
Ellipse3
Ellipse4
Ellipse5
Ellipse6
Ellipse7
Ellipse8
EllipseIF1-1
EllipseIF1-2
EllipseIF1-3
EllipseIF1-4
EllipseIF1-5
EllipseIF1-6
EllipseIF1-7
EllipseIF1-8
EllipseIF2-1
EllipseIF2-2
EllipseIF2-3
EllipseIF2-4
EllipseIF2-5
EllipseIF2-6
EllipseIF2-7
EllipseIF2-8
AC mode is selected. Begin applying dielectric permittivity spectroscopy Prony series to polymer data.
Ratio of physical length to pixel: 0.46296nm-per-pixel
X dimension:
   9.9537e-04

X max:
   31.8346

X min:
    6.2964

Y max:
  332.6556

Y min:
   23.9344

Number of clusters in FEA geometry: 8
Actual VF in simulation window: 264033884166.077
Corrected VF in simulation window: 0.01
AC mode: define polymer and interphase dielectric permittivity.
Use 1-to-1 mapping of filler microstructure ...
Ellipse1
Ellipse2
Ellipse3
Ellipse4
Ellipse5
Ellipse6
Ellipse7
Ellipse8
EllipseIF1-1
EllipseIF1-2
EllipseIF1-3
EllipseIF1-4
EllipseIF1-5
EllipseIF1-6
EllipseIF1-7
EllipseIF1-8
EllipseIF2-1
EllipseIF2-2
EllipseIF2-3
EllipseIF2-4
EllipseIF2-5
EllipseIF2-6
EllipseIF2-7
EllipseIF2-8
AC mode is selected. Begin applying dielectric permittivity spectroscopy Prony series to polymer data.
Ratio of physical length to pixel: 0.46296nm-per-pixel
X dimension:
   9.9537e-04

X max:
   31.8346

X min:
    6.2964

Y max:
  332.6556

Y min:
   23.9344

Number of clusters in FEA geometry: 8
Actual VF in simulation window: 264033884166.077
Corrected VF in simulation window: 0.01
AC mode: define polymer and interphase dielectric permittivity.
Use 1-to-1 mapping of filler microstructure ...
Ellipse1
Ellipse2
Ellipse3
Ellipse4
Ellipse5
Ellipse6
Ellipse7
Ellipse8
EllipseIF1-1
EllipseIF1-2
EllipseIF1-3
EllipseIF1-4
EllipseIF1-5
EllipseIF1-6
EllipseIF1-7
EllipseIF1-8
EllipseIF2-1
EllipseIF2-2
EllipseIF2-3
EllipseIF2-4
EllipseIF2-5
EllipseIF2-6
EllipseIF2-7
EllipseIF2-8
AC mode is selected. Begin applying dielectric permittivity spectroscopy Prony series to polymer data.
Ratio of physical length to pixel: 0.46296nm-per-pixel
X dimension:
   9.9537e-04

X max:
   31.8346

X min:
    6.2964

Y max:
  332.6556

Y min:
   23.9344

Number of clusters in FEA geometry: 8
Actual VF in simulation window: 264033884166.077
Corrected VF in simulation window: 0.01
AC mode: define polymer and interphase dielectric permittivity.
Use 1-to-1 mapping of filler microstructure ...
Ellipse1
Ellipse2
Ellipse3
Ellipse4
Ellipse5
Ellipse6
Ellipse7
Ellipse8
EllipseIF1-1
EllipseIF1-2
EllipseIF1-3
EllipseIF1-4
EllipseIF1-5
EllipseIF1-6
EllipseIF1-7
EllipseIF1-8
EllipseIF2-1
EllipseIF2-2
EllipseIF2-3
EllipseIF2-4
EllipseIF2-5
EllipseIF2-6
EllipseIF2-7
EllipseIF2-8
AC mode is selected. Begin applying dielectric permittivity spectroscopy Prony series to polymer data.
Ratio of physical length to pixel: 0.46296nm-per-pixel
X dimension:
   9.9537e-04

X max:
   31.8346

X min:
    6.2964

Y max:
  332.6556

Y min:
   23.9344

Number of clusters in FEA geometry: 8
Actual VF in simulation window: 264033884166.077
Corrected VF in simulation window: 0.01
AC mode: define polymer and interphase dielectric permittivity.
Use 1-to-1 mapping of filler microstructure ...
Ellipse1
Ellipse2
Ellipse3
Ellipse4
Ellipse5
Ellipse6
Ellipse7
Ellipse8
EllipseIF1-1
EllipseIF1-2
EllipseIF1-3
EllipseIF1-4
EllipseIF1-5
EllipseIF1-6
EllipseIF1-7
EllipseIF1-8
EllipseIF2-1
EllipseIF2-2
EllipseIF2-3
EllipseIF2-4
EllipseIF2-5
EllipseIF2-6
EllipseIF2-7
EllipseIF2-8
AC mode is selected. Begin applying dielectric permittivity spectroscopy Prony series to polymer data.
Ratio of physical length to pixel: 0.46296nm-per-pixel
X dimension:
   9.9537e-04

X max:
   31.8346

X min:
    6.2964

Y max:
  332.6556

Y min:
   23.9344

Number of clusters in FEA geometry: 8
Actual VF in simulation window: 264033884166.077
Corrected VF in simulation window: 0.01
AC mode: define polymer and interphase dielectric permittivity.
Use 1-to-1 mapping of filler microstructure ...
Ellipse1
Ellipse2
Ellipse3
Ellipse4
Ellipse5
Ellipse6
Ellipse7
Ellipse8
EllipseIF1-1
EllipseIF1-2
EllipseIF1-3
EllipseIF1-4
EllipseIF1-5
EllipseIF1-6
EllipseIF1-7
EllipseIF1-8
EllipseIF2-1
EllipseIF2-2
EllipseIF2-3
EllipseIF2-4
EllipseIF2-5
EllipseIF2-6
EllipseIF2-7
EllipseIF2-8
AC mode is selected. Begin applying dielectric permittivity spectroscopy Prony series to polymer data.
Ratio of physical length to pixel: 0.46296nm-per-pixel
X dimension:
   9.9537e-04

X max:
   31.8346

X min:
    6.2964

Y max:
  332.6556

Y min:
   23.9344

Number of clusters in FEA geometry: 8
Actual VF in simulation window: 264033884166.077
Corrected VF in simulation window: 0.01
AC mode: define polymer and interphase dielectric permittivity.
Use 1-to-1 mapping of filler microstructure ...
Ellipse1
Ellipse2
Ellipse3
Ellipse4
Ellipse5
Ellipse6
Ellipse7
Ellipse8
EllipseIF1-1
EllipseIF1-2
EllipseIF1-3
EllipseIF1-4
EllipseIF1-5
EllipseIF1-6
EllipseIF1-7
EllipseIF1-8
