
                            < M A T L A B (R) >
                  Copyright 1984-2014 The MathWorks, Inc.
                    R2014a (8.3.0.532) 64-bit (glnxa64)
                             February 11, 2014

 
To get started, type one of these: helpwin, helpdesk, or demo.
For product information, visit www.mathworks.com.
 
AC mode is selected. Begin applying dielectric permittivity spectroscopy Prony series to polymer data.
Ratio of physical length to pixel: 1.6667nm-per-pixel
X dimension:
   9.8333e-04

X max:
    0.0010

X min:
   2.8269e-04

Y max:
    0.0010

Y min:
   2.9284e-04

Number of clusters in FEA geometry: 97
Actual VF in simulation window: 0.028727
Corrected VF in simulation window: 0.01
AC mode: define polymer and interphase dielectric permittivity.
AC mode is selected. Begin applying dielectric permittivity spectroscopy Prony series to polymer data.
Ratio of physical length to pixel: 1.6667nm-per-pixel
X dimension:
   9.8333e-04

X max:
    0.0010

X min:
   2.8269e-04

Y max:
    0.0010

Y min:
   2.9284e-04

Number of clusters in FEA geometry: 97
Actual VF in simulation window: 0.028727
Corrected VF in simulation window: 0.01
AC mode: define polymer and interphase dielectric permittivity.
Use 1-to-1 mapping of filler microstructure ...
Ellipse1
Ellipse2
Ellipse3
Ellipse4
Ellipse5
Ellipse6
Ellipse7
Ellipse8
Ellipse9
Ellipse10
Ellipse11
Ellipse12
Ellipse13
Ellipse14
Ellipse15
Ellipse16
Ellipse17
Ellipse18
Ellipse19
Ellipse20
Ellipse21
Ellipse22
Ellipse23
Ellipse24
Ellipse25
Ellipse26
Ellipse27
Ellipse28
Ellipse29
Ellipse30
Ellipse31
Ellipse32
Ellipse33
Ellipse34
Ellipse35
Ellipse36
Ellipse37
Ellipse38
Ellipse39
Ellipse40
Ellipse41
Ellipse42
Ellipse43
Ellipse44
Ellipse45
Ellipse46
Ellipse47
Ellipse48
Ellipse49
Ellipse50
Ellipse51
Ellipse52
Ellipse53
Ellipse54
Ellipse55
Ellipse56
Ellipse57
Ellipse58
Ellipse59
Ellipse60
Ellipse61
Ellipse62
Ellipse63
Ellipse64
Ellipse65
Ellipse66
Ellipse67
Ellipse68
Ellipse69
Ellipse70
Ellipse71
Ellipse72
Ellipse73
Ellipse74
Ellipse75
Ellipse76
Ellipse77
Ellipse78
Ellipse79
Ellipse80
Ellipse81
Ellipse82
Ellipse83
Ellipse84
Ellipse85
Ellipse86
Ellipse87
Ellipse88
Ellipse89
Ellipse90
Ellipse91
Ellipse92
Ellipse93
Ellipse94
Ellipse95
Ellipse96
Ellipse97
