
                            < M A T L A B (R) >
                  Copyright 1984-2014 The MathWorks, Inc.
                    R2014a (8.3.0.532) 64-bit (glnxa64)
                             February 11, 2014

 
To get started, type one of these: helpwin, helpdesk, or demo.
For product information, visit www.mathworks.com.
 
AC mode is selected. Begin applying dielectric permittivity spectroscopy Prony series to polymer data.
Ratio of physical length to pixel: 0.46296nm-per-pixel
X dimension:
   9.9537e-04

X max:
   8.8665e-04

X min:
   1.1030e-04

Y max:
   8.5309e-04

Y min:
   1.0602e-04

Number of clusters in FEA geometry: 67
Actual VF in simulation window: 0.010093
Corrected VF in simulation window: 0.01
{Error using mphstart (line 168)
A connection to COMSOL could not be established. Please check that a COMSOL
server is started prior to calling mphstart

mphstart (150): Java exception occurred:
Exception:
	java.io.IOException: Incomplete handshake response
	(rethrown as com.comsol.util.exceptions.FlException)
Messages:
	Failed to connect to server

	Incomplete handshake respons

Error in myfun_comsol_build (line 20)
mphstart(COMSOL_PORT );


Error in main (line 97)
[model] = myfun_comsol_build(binsource, savefile);


Error in runmain (line 115)
main(id, bin_img, const);
} 
>> 