
                            < M A T L A B (R) >
                  Copyright 1984-2014 The MathWorks, Inc.
                    R2014a (8.3.0.532) 64-bit (glnxa64)
                             February 11, 2014

 
To get started, type one of these: helpwin, helpdesk, or demo.
For product information, visit www.mathworks.com.
 
Now start to reconstruct the dispersion of cluster centers ...
    99

  195.3414

    98

  192.4476

    97

  191.2102

    96

  188.7887

    95

  187.7090

    94

  185.9790

    93

  184.4561

    92

  182.7794

    91

  181.1877

    90

  178.2981

    89

  175.9408

    88

  173.7365

    87

  171.4684

    86

  170.4441

    85

  168.9916

    84

  168.3889

    83

  165.7399

    82

  164.5635

    81

  163.7097

    80

  161.0634

    79

  158.8473

    78

  157.1151

    77

  155.8435

    76

  155.0669

    75

  152.6524

    74

  150.0613

    73

  148.7404

    72

  146.3858

    71

  144.2110

    70

  143.1484

    69

  141.8905

    68

  140.6922

    67

  139.0749

    66

  136.3449

    65

  135.1728

    64

  133.9038

    63

  133.3989

    62

  131.8910

    61

  129.7615

    60

  128.4390

    59

  126.7383

    58

  124.6166

    57

  123.2639

    56

  122.0208

    55

  120.9966

    54

  118.8265

    53

  118.2385

    52

  117.1183

    51

  116.0047

    50

  115.1992

    49

  114.5376

    48

  112.7605

    47

  111.4470

    46

  110.5696

    45

  109.2482

    44

  108.3368

    43

  106.5971

    42

  105.3631

    41

  102.6167

    40

  100.3181

    39

   98.3354

    38

   96.5139

    37

   94.9404

    36

   94.3690

    35

   93.1537

    34

   92.3349

    33

   91.3213

    32

   89.1908

    31

   87.1010

    30

   85.2200

    29

   83.2551

    28

   82.6760

    27

   81.0185

    26

   80.2267

    25

   79.4055

    24

   77.8818

    23

   77.0304

    22

   75.5484

    21

   74.6094

    20

   73.6078

    19

   72.1009

    18

   69.4749

    17

   69.2461

    16

   67.3645

    15

   66.8866

    14

   65.7904

    13

   64.6260

    12

   63.1052

    11

   62.3721

    10

   60.5667

     9

   59.6244

     8

   58.3007

     7

   57.5779

     6

   56.1766

     5

   55.3189

     4

   54.9405

     3

   53.6873

     2

   52.7311

     1

   51.3083

     0

   50.0119

Now assigning the area and compactness values for each cluster...
Now generating an initial image...
