PuTTY X11 proxy: MIT-MAGIC-COOKIE-1 data did not match
                            < M A T L A B (R) >
                  Copyright 1984-2014 The MathWorks, Inc.
                    R2014a (8.3.0.532) 64-bit (glnxa64)
                             February 11, 2014

 
To get started, type one of these: helpwin, helpdesk, or demo.
For product information, visit www.mathworks.com.
 
Now start to reconstruct the dispersion of cluster centers ...
    99

  218.7122

    98

  216.4493

    97

  215.9958

    96

  214.2710

    95

  211.0193

    94

  208.5838

    93

  207.9717

    92

  206.8170

    91

  204.5350

    90

  203.8516

    89

  202.2981

    88

  200.8273

    87

  199.9363

    86

  197.4625

    85

  195.9069

    84

  194.9383

    83

  192.3499

    82

  190.7555

    81

  188.7268

    80

  186.2887

    79

  183.4432

    78

  182.1466

    77

  180.5762

    76

  178.2570

    75

  177.0800

    74

  174.5584

    73

  172.5864

    72

  170.9962

    71

  167.3356

    70

  163.7807

    69

  161.7430

    68

  159.6236

    67

  156.5958

    66

  152.9346

    65

  150.7584

    64

  147.8800

    63

  146.7984

    62

  144.1620

    61

  143.3035

    60

  141.1453

    59

  138.6475

    58

  136.9286

    57

  135.7374

    56

  135.4031

    55

  134.7184

    54

  132.4014

    53

  128.7966

    52

  127.0972

    51

  124.5841

    50

  122.2064

    49

  120.0629

    48

  118.8961

    47

  117.5405

    46

  117.1043

    45

  116.9073

    44

  115.2134

    43

  114.6633

    42

  113.1595

    41

  111.2919

    40

  108.1997

    39

  106.9678

    38

  106.2419

    37

  104.1778

    36

  102.9386

    35

  101.0629

    34

   98.2925

    33

   98.0830

    32

   96.5031

    31

   94.5086

    30

   92.6965

    29

   92.3197

    28

   90.3463

    27

   89.1265

    26

   88.1982

    25

   87.9058

    24

   85.7912

    23

   85.1115

    22

   84.4775

    21

   83.8178

    20

   82.4008

    19

   82.4008

    18

   81.2865

    17

   80.2040

    16

   79.6726

    15

   77.5826

    14

   77.1777

    13

   74.9942

    12

   74.4339

    11

   73.8723

    10

   72.4644

     9

   71.9276

     8

   70.8021

     7

   68.8308

     6

   67.3415

     5

   66.5001

     4

   66.1968

     3

   64.3013

     2

   64.0127

     1

   63.0508

     0

   62.7343

Now assigning the area and compactness values for each cluster...
Now generating an initial image...
