
                            < M A T L A B (R) >
                  Copyright 1984-2014 The MathWorks, Inc.
                    R2014a (8.3.0.532) 64-bit (glnxa64)
                             February 11, 2014

 
To get started, type one of these: helpwin, helpdesk, or demo.
For product information, visit www.mathworks.com.
 
Now start to reconstruct the dispersion of cluster centers ...
    99

   NaN

    98

   NaN

    97

   NaN

    96

   NaN

    95

   NaN

    94

   NaN

    93

   NaN

    92

   NaN

    91

   NaN

    90

   NaN

    89

   NaN

    88

   NaN

    87

   NaN

    86

   NaN

    85

   NaN

    84

   NaN

    83

   NaN

    82

   NaN

    81

   NaN

    80

   NaN

    79

   NaN

    78

   NaN

    77

   NaN

    76

   NaN

    75

   NaN

    74

   NaN

    73

   NaN

    72

   NaN

    71

   NaN

    70

   NaN

    69

   NaN

    68

   NaN

    67

   NaN

    66

   NaN

    65

   NaN

    64

   NaN

    63

   NaN

    62

   NaN

    61

   NaN

    60

   NaN

    59

   NaN

    58

   NaN

    57

   NaN

    56

   NaN

    55

   NaN

    54

   NaN

    53

   NaN

    52

   NaN

    51

   NaN

    50

   NaN

    49

   NaN

    48

   NaN

    47

   NaN

    46

   NaN

    45

   NaN

    44

   NaN

    43

   NaN

    42

   NaN

    41

   NaN

    40

   NaN

    39

   NaN

    38

   NaN

    37

   NaN

    36

   NaN

    35

   NaN

    34

   NaN

    33

   NaN

    32

   NaN

    31

   NaN

    30

   NaN

    29

   NaN

    28

   NaN

    27

   NaN

    26

   NaN

    25

   NaN

    24

   NaN

    23

   NaN

    22

   NaN

    21

   NaN

    20

   NaN

    19

   NaN

    18

   NaN

    17

   NaN

    16

   NaN

    15

   NaN

    14

   NaN

    13

   NaN

    12

   NaN

    11

   NaN

    10

   NaN

     9

   NaN

     8

   NaN

     7

   NaN

     6

   NaN

     5

   NaN

     4

   NaN

     3

   NaN

     2

   NaN

     1

   NaN

     0

   NaN

Now assigning the area and compactness values for each cluster...
Now generating an initial image...
